2017-01-03/09:24:48 controller.go:146 [INF] token:eyJhbGciOiJIUzI1NiIsInR5cCI6IkpXVCJ9.eyJleHAiOjE0ODMxNTMxMjUsImlzcyI6ImFkbWluLWV0YyJ9.5yQyCJ-jUntapd709cYMUMYnLbyGEFTEu_kp-Yjoju4
2017-01-03/09:24:48 controller.go:83 [INF] validate err:Token is expired
2017-01-03/09:25:56 controller.go:60 [INF] login token:&{ 0xc4200f73c0 map[typ:JWT alg:HS256] { 1483493156  0 admin-etc 0 }  false}
2017-01-03/09:25:56 controller.go:65 [INF] login signed token:eyJhbGciOiJIUzI1NiIsInR5cCI6IkpXVCJ9.eyJleHAiOjE0ODM0OTMxNTYsImlzcyI6ImFkbWluLWV0YyJ9.CWnv5o4Ci1UjpJd9YLO28b36TOcJiTrpLNTZ2IYpB6E
2017-01-03/09:25:57 controller.go:146 [INF] token:eyJhbGciOiJIUzI1NiIsInR5cCI6IkpXVCJ9.eyJleHAiOjE0ODM0OTMxNTYsImlzcyI6ImFkbWluLWV0YyJ9.CWnv5o4Ci1UjpJd9YLO28b36TOcJiTrpLNTZ2IYpB6E
2017-01-03/09:25:57 controller.go:155 [INF] token valid:trueclaim:map[exp:1.483493156e+09 iss:admin-etc]
2017-01-03/09:30:57 controller.go:146 [INF] token:eyJhbGciOiJIUzI1NiIsInR5cCI6IkpXVCJ9.eyJleHAiOjE0ODM0OTMxNTYsImlzcyI6ImFkbWluLWV0YyJ9.CWnv5o4Ci1UjpJd9YLO28b36TOcJiTrpLNTZ2IYpB6E
2017-01-03/09:30:57 controller.go:155 [INF] token valid:trueclaim:map[exp:1.483493156e+09 iss:admin-etc]
2017-01-03/09:32:52 controller.go:146 [INF] token:eyJhbGciOiJIUzI1NiIsInR5cCI6IkpXVCJ9.eyJleHAiOjE0ODM0OTMxNTYsImlzcyI6ImFkbWluLWV0YyJ9.CWnv5o4Ci1UjpJd9YLO28b36TOcJiTrpLNTZ2IYpB6E
2017-01-03/09:32:52 controller.go:155 [INF] token valid:trueclaim:map[exp:1.483493156e+09 iss:admin-etc]
2017-01-03/09:34:08 controller.go:146 [INF] token:eyJhbGciOiJIUzI1NiIsInR5cCI6IkpXVCJ9.eyJleHAiOjE0ODM0OTMxNTYsImlzcyI6ImFkbWluLWV0YyJ9.CWnv5o4Ci1UjpJd9YLO28b36TOcJiTrpLNTZ2IYpB6E
2017-01-03/09:34:08 controller.go:155 [INF] token valid:trueclaim:map[exp:1.483493156e+09 iss:admin-etc]
2017-01-03/09:34:40 controller.go:146 [INF] token:eyJhbGciOiJIUzI1NiIsInR5cCI6IkpXVCJ9.eyJleHAiOjE0ODM0OTMxNTYsImlzcyI6ImFkbWluLWV0YyJ9.CWnv5o4Ci1UjpJd9YLO28b36TOcJiTrpLNTZ2IYpB6E
2017-01-03/09:34:40 controller.go:155 [INF] token valid:trueclaim:map[exp:1.483493156e+09 iss:admin-etc]
2017-01-03/09:42:59 controller.go:146 [INF] token:eyJhbGciOiJIUzI1NiIsInR5cCI6IkpXVCJ9.eyJleHAiOjE0ODM0OTMxNTYsImlzcyI6ImFkbWluLWV0YyJ9.CWnv5o4Ci1UjpJd9YLO28b36TOcJiTrpLNTZ2IYpB6E
2017-01-03/09:42:59 controller.go:155 [INF] token valid:trueclaim:map[exp:1.483493156e+09 iss:admin-etc]
2017-01-03/09:43:03 controller.go:146 [INF] token:eyJhbGciOiJIUzI1NiIsInR5cCI6IkpXVCJ9.eyJleHAiOjE0ODM0OTMxNTYsImlzcyI6ImFkbWluLWV0YyJ9.CWnv5o4Ci1UjpJd9YLO28b36TOcJiTrpLNTZ2IYpB6E
2017-01-03/09:43:03 controller.go:155 [INF] token valid:trueclaim:map[exp:1.483493156e+09 iss:admin-etc]
2017-01-03/09:43:21 controller.go:146 [INF] token:eyJhbGciOiJIUzI1NiIsInR5cCI6IkpXVCJ9.eyJleHAiOjE0ODM0OTMxNTYsImlzcyI6ImFkbWluLWV0YyJ9.CWnv5o4Ci1UjpJd9YLO28b36TOcJiTrpLNTZ2IYpB6E
2017-01-03/09:43:21 controller.go:155 [INF] token valid:trueclaim:map[exp:1.483493156e+09 iss:admin-etc]
2017-01-03/09:43:26 controller.go:146 [INF] token:eyJhbGciOiJIUzI1NiIsInR5cCI6IkpXVCJ9.eyJleHAiOjE0ODM0OTMxNTYsImlzcyI6ImFkbWluLWV0YyJ9.CWnv5o4Ci1UjpJd9YLO28b36TOcJiTrpLNTZ2IYpB6E
2017-01-03/09:43:26 controller.go:155 [INF] token valid:trueclaim:map[exp:1.483493156e+09 iss:admin-etc]
2017-01-03/09:43:44 controller.go:146 [INF] token:eyJhbGciOiJIUzI1NiIsInR5cCI6IkpXVCJ9.eyJleHAiOjE0ODM0OTMxNTYsImlzcyI6ImFkbWluLWV0YyJ9.CWnv5o4Ci1UjpJd9YLO28b36TOcJiTrpLNTZ2IYpB6E
2017-01-03/09:43:44 controller.go:155 [INF] token valid:trueclaim:map[iss:admin-etc exp:1.483493156e+09]
2017-01-03/09:43:55 controller.go:146 [INF] token:eyJhbGciOiJIUzI1NiIsInR5cCI6IkpXVCJ9.eyJleHAiOjE0ODM0OTMxNTYsImlzcyI6ImFkbWluLWV0YyJ9.CWnv5o4Ci1UjpJd9YLO28b36TOcJiTrpLNTZ2IYpB6E
2017-01-03/09:43:55 controller.go:155 [INF] token valid:trueclaim:map[exp:1.483493156e+09 iss:admin-etc]
2017-01-03/09:46:44 controller.go:146 [INF] token:eyJhbGciOiJIUzI1NiIsInR5cCI6IkpXVCJ9.eyJleHAiOjE0ODM0OTMxNTYsImlzcyI6ImFkbWluLWV0YyJ9.CWnv5o4Ci1UjpJd9YLO28b36TOcJiTrpLNTZ2IYpB6E
2017-01-03/09:46:44 controller.go:155 [INF] token valid:trueclaim:map[exp:1.483493156e+09 iss:admin-etc]
2017-01-03/09:47:03 controller.go:146 [INF] token:eyJhbGciOiJIUzI1NiIsInR5cCI6IkpXVCJ9.eyJleHAiOjE0ODM0OTMxNTYsImlzcyI6ImFkbWluLWV0YyJ9.CWnv5o4Ci1UjpJd9YLO28b36TOcJiTrpLNTZ2IYpB6E
2017-01-03/09:47:03 controller.go:155 [INF] token valid:trueclaim:map[exp:1.483493156e+09 iss:admin-etc]
2017-01-03/09:47:36 controller.go:146 [INF] token:eyJhbGciOiJIUzI1NiIsInR5cCI6IkpXVCJ9.eyJleHAiOjE0ODM0OTMxNTYsImlzcyI6ImFkbWluLWV0YyJ9.CWnv5o4Ci1UjpJd9YLO28b36TOcJiTrpLNTZ2IYpB6E
2017-01-03/09:47:36 controller.go:155 [INF] token valid:trueclaim:map[exp:1.483493156e+09 iss:admin-etc]
2017-01-03/09:47:39 controller.go:146 [INF] token:eyJhbGciOiJIUzI1NiIsInR5cCI6IkpXVCJ9.eyJleHAiOjE0ODM0OTMxNTYsImlzcyI6ImFkbWluLWV0YyJ9.CWnv5o4Ci1UjpJd9YLO28b36TOcJiTrpLNTZ2IYpB6E
2017-01-03/09:47:39 controller.go:155 [INF] token valid:trueclaim:map[exp:1.483493156e+09 iss:admin-etc]
2017-01-03/09:48:00 controller.go:146 [INF] token:eyJhbGciOiJIUzI1NiIsInR5cCI6IkpXVCJ9.eyJleHAiOjE0ODM0OTMxNTYsImlzcyI6ImFkbWluLWV0YyJ9.CWnv5o4Ci1UjpJd9YLO28b36TOcJiTrpLNTZ2IYpB6E
2017-01-03/09:48:00 controller.go:155 [INF] token valid:trueclaim:map[exp:1.483493156e+09 iss:admin-etc]
2017-01-03/09:49:43 controller.go:146 [INF] token:eyJhbGciOiJIUzI1NiIsInR5cCI6IkpXVCJ9.eyJleHAiOjE0ODM0OTMxNTYsImlzcyI6ImFkbWluLWV0YyJ9.CWnv5o4Ci1UjpJd9YLO28b36TOcJiTrpLNTZ2IYpB6E
2017-01-03/09:49:43 controller.go:155 [INF] token valid:trueclaim:map[exp:1.483493156e+09 iss:admin-etc]
2017-01-03/09:50:24 controller.go:146 [INF] token:eyJhbGciOiJIUzI1NiIsInR5cCI6IkpXVCJ9.eyJleHAiOjE0ODM0OTMxNTYsImlzcyI6ImFkbWluLWV0YyJ9.CWnv5o4Ci1UjpJd9YLO28b36TOcJiTrpLNTZ2IYpB6E
2017-01-03/09:50:24 controller.go:155 [INF] token valid:trueclaim:map[exp:1.483493156e+09 iss:admin-etc]
2017-01-03/09:51:23 controller.go:146 [INF] token:eyJhbGciOiJIUzI1NiIsInR5cCI6IkpXVCJ9.eyJleHAiOjE0ODM0OTMxNTYsImlzcyI6ImFkbWluLWV0YyJ9.CWnv5o4Ci1UjpJd9YLO28b36TOcJiTrpLNTZ2IYpB6E
2017-01-03/09:51:23 controller.go:155 [INF] token valid:trueclaim:map[exp:1.483493156e+09 iss:admin-etc]
2017-01-03/09:52:29 controller.go:146 [INF] token:eyJhbGciOiJIUzI1NiIsInR5cCI6IkpXVCJ9.eyJleHAiOjE0ODM0OTMxNTYsImlzcyI6ImFkbWluLWV0YyJ9.CWnv5o4Ci1UjpJd9YLO28b36TOcJiTrpLNTZ2IYpB6E
2017-01-03/09:52:29 controller.go:155 [INF] token valid:trueclaim:map[exp:1.483493156e+09 iss:admin-etc]
2017-01-03/09:56:05 controller.go:146 [INF] token:eyJhbGciOiJIUzI1NiIsInR5cCI6IkpXVCJ9.eyJleHAiOjE0ODM0OTMxNTYsImlzcyI6ImFkbWluLWV0YyJ9.CWnv5o4Ci1UjpJd9YLO28b36TOcJiTrpLNTZ2IYpB6E
2017-01-03/09:56:05 controller.go:155 [INF] token valid:trueclaim:map[exp:1.483493156e+09 iss:admin-etc]
2017-01-03/09:56:15 controller.go:146 [INF] token:eyJhbGciOiJIUzI1NiIsInR5cCI6IkpXVCJ9.eyJleHAiOjE0ODM0OTMxNTYsImlzcyI6ImFkbWluLWV0YyJ9.CWnv5o4Ci1UjpJd9YLO28b36TOcJiTrpLNTZ2IYpB6E
2017-01-03/09:56:15 controller.go:155 [INF] token valid:trueclaim:map[exp:1.483493156e+09 iss:admin-etc]
2017-01-03/09:59:32 controller.go:146 [INF] token:eyJhbGciOiJIUzI1NiIsInR5cCI6IkpXVCJ9.eyJleHAiOjE0ODM0OTMxNTYsImlzcyI6ImFkbWluLWV0YyJ9.CWnv5o4Ci1UjpJd9YLO28b36TOcJiTrpLNTZ2IYpB6E
2017-01-03/09:59:32 controller.go:155 [INF] token valid:trueclaim:map[exp:1.483493156e+09 iss:admin-etc]
2017-01-03/10:00:34 controller.go:146 [INF] token:eyJhbGciOiJIUzI1NiIsInR5cCI6IkpXVCJ9.eyJleHAiOjE0ODM0OTMxNTYsImlzcyI6ImFkbWluLWV0YyJ9.CWnv5o4Ci1UjpJd9YLO28b36TOcJiTrpLNTZ2IYpB6E
2017-01-03/10:00:34 controller.go:155 [INF] token valid:trueclaim:map[exp:1.483493156e+09 iss:admin-etc]
2017-01-03/10:03:40 controller.go:146 [INF] token:eyJhbGciOiJIUzI1NiIsInR5cCI6IkpXVCJ9.eyJleHAiOjE0ODM0OTMxNTYsImlzcyI6ImFkbWluLWV0YyJ9.CWnv5o4Ci1UjpJd9YLO28b36TOcJiTrpLNTZ2IYpB6E
2017-01-03/10:03:40 controller.go:155 [INF] token valid:trueclaim:map[exp:1.483493156e+09 iss:admin-etc]
2017-01-03/10:07:41 controller.go:146 [INF] token:eyJhbGciOiJIUzI1NiIsInR5cCI6IkpXVCJ9.eyJleHAiOjE0ODM0OTMxNTYsImlzcyI6ImFkbWluLWV0YyJ9.CWnv5o4Ci1UjpJd9YLO28b36TOcJiTrpLNTZ2IYpB6E
2017-01-03/10:07:41 controller.go:155 [INF] token valid:trueclaim:map[exp:1.483493156e+09 iss:admin-etc]
2017-01-03/10:08:01 controller.go:146 [INF] token:eyJhbGciOiJIUzI1NiIsInR5cCI6IkpXVCJ9.eyJleHAiOjE0ODM0OTMxNTYsImlzcyI6ImFkbWluLWV0YyJ9.CWnv5o4Ci1UjpJd9YLO28b36TOcJiTrpLNTZ2IYpB6E
2017-01-03/10:08:01 controller.go:155 [INF] token valid:trueclaim:map[exp:1.483493156e+09 iss:admin-etc]
2017-01-03/10:10:55 controller.go:146 [INF] token:eyJhbGciOiJIUzI1NiIsInR5cCI6IkpXVCJ9.eyJleHAiOjE0ODM0OTMxNTYsImlzcyI6ImFkbWluLWV0YyJ9.CWnv5o4Ci1UjpJd9YLO28b36TOcJiTrpLNTZ2IYpB6E
2017-01-03/10:10:55 controller.go:155 [INF] token valid:trueclaim:map[exp:1.483493156e+09 iss:admin-etc]
2017-01-03/10:11:06 controller.go:146 [INF] token:eyJhbGciOiJIUzI1NiIsInR5cCI6IkpXVCJ9.eyJleHAiOjE0ODM0OTMxNTYsImlzcyI6ImFkbWluLWV0YyJ9.CWnv5o4Ci1UjpJd9YLO28b36TOcJiTrpLNTZ2IYpB6E
2017-01-03/10:11:06 controller.go:155 [INF] token valid:trueclaim:map[exp:1.483493156e+09 iss:admin-etc]
2017-01-03/10:11:23 controller.go:146 [INF] token:eyJhbGciOiJIUzI1NiIsInR5cCI6IkpXVCJ9.eyJleHAiOjE0ODM0OTMxNTYsImlzcyI6ImFkbWluLWV0YyJ9.CWnv5o4Ci1UjpJd9YLO28b36TOcJiTrpLNTZ2IYpB6E
2017-01-03/10:11:23 controller.go:155 [INF] token valid:trueclaim:map[exp:1.483493156e+09 iss:admin-etc]
2017-01-03/10:15:26 controller.go:146 [INF] token:eyJhbGciOiJIUzI1NiIsInR5cCI6IkpXVCJ9.eyJleHAiOjE0ODM0OTMxNTYsImlzcyI6ImFkbWluLWV0YyJ9.CWnv5o4Ci1UjpJd9YLO28b36TOcJiTrpLNTZ2IYpB6E
2017-01-03/10:15:26 controller.go:155 [INF] token valid:trueclaim:map[exp:1.483493156e+09 iss:admin-etc]
2017-01-03/10:17:29 controller.go:146 [INF] token:eyJhbGciOiJIUzI1NiIsInR5cCI6IkpXVCJ9.eyJleHAiOjE0ODM0OTMxNTYsImlzcyI6ImFkbWluLWV0YyJ9.CWnv5o4Ci1UjpJd9YLO28b36TOcJiTrpLNTZ2IYpB6E
2017-01-03/10:17:29 controller.go:155 [INF] token valid:trueclaim:map[exp:1.483493156e+09 iss:admin-etc]
2017-01-03/10:17:45 controller.go:146 [INF] token:eyJhbGciOiJIUzI1NiIsInR5cCI6IkpXVCJ9.eyJleHAiOjE0ODM0OTMxNTYsImlzcyI6ImFkbWluLWV0YyJ9.CWnv5o4Ci1UjpJd9YLO28b36TOcJiTrpLNTZ2IYpB6E
2017-01-03/10:17:45 controller.go:155 [INF] token valid:trueclaim:map[iss:admin-etc exp:1.483493156e+09]
2017-01-03/10:17:54 controller.go:146 [INF] token:eyJhbGciOiJIUzI1NiIsInR5cCI6IkpXVCJ9.eyJleHAiOjE0ODM0OTMxNTYsImlzcyI6ImFkbWluLWV0YyJ9.CWnv5o4Ci1UjpJd9YLO28b36TOcJiTrpLNTZ2IYpB6E
2017-01-03/10:17:54 controller.go:155 [INF] token valid:trueclaim:map[exp:1.483493156e+09 iss:admin-etc]
2017-01-03/10:19:14 controller.go:146 [INF] token:eyJhbGciOiJIUzI1NiIsInR5cCI6IkpXVCJ9.eyJleHAiOjE0ODM0OTMxNTYsImlzcyI6ImFkbWluLWV0YyJ9.CWnv5o4Ci1UjpJd9YLO28b36TOcJiTrpLNTZ2IYpB6E
2017-01-03/10:19:14 controller.go:155 [INF] token valid:trueclaim:map[exp:1.483493156e+09 iss:admin-etc]
2017-01-03/10:20:06 controller.go:146 [INF] token:eyJhbGciOiJIUzI1NiIsInR5cCI6IkpXVCJ9.eyJleHAiOjE0ODM0OTMxNTYsImlzcyI6ImFkbWluLWV0YyJ9.CWnv5o4Ci1UjpJd9YLO28b36TOcJiTrpLNTZ2IYpB6E
2017-01-03/10:20:06 controller.go:155 [INF] token valid:trueclaim:map[exp:1.483493156e+09 iss:admin-etc]
2017-01-03/10:20:55 controller.go:146 [INF] token:eyJhbGciOiJIUzI1NiIsInR5cCI6IkpXVCJ9.eyJleHAiOjE0ODM0OTMxNTYsImlzcyI6ImFkbWluLWV0YyJ9.CWnv5o4Ci1UjpJd9YLO28b36TOcJiTrpLNTZ2IYpB6E
2017-01-03/10:20:55 controller.go:155 [INF] token valid:trueclaim:map[exp:1.483493156e+09 iss:admin-etc]
2017-01-03/10:21:47 controller.go:146 [INF] token:eyJhbGciOiJIUzI1NiIsInR5cCI6IkpXVCJ9.eyJleHAiOjE0ODM0OTMxNTYsImlzcyI6ImFkbWluLWV0YyJ9.CWnv5o4Ci1UjpJd9YLO28b36TOcJiTrpLNTZ2IYpB6E
2017-01-03/10:21:47 controller.go:155 [INF] token valid:trueclaim:map[exp:1.483493156e+09 iss:admin-etc]
2017-01-03/10:22:47 controller.go:146 [INF] token:eyJhbGciOiJIUzI1NiIsInR5cCI6IkpXVCJ9.eyJleHAiOjE0ODM0OTMxNTYsImlzcyI6ImFkbWluLWV0YyJ9.CWnv5o4Ci1UjpJd9YLO28b36TOcJiTrpLNTZ2IYpB6E
2017-01-03/10:22:47 controller.go:155 [INF] token valid:trueclaim:map[exp:1.483493156e+09 iss:admin-etc]
2017-01-03/10:22:54 controller.go:146 [INF] token:eyJhbGciOiJIUzI1NiIsInR5cCI6IkpXVCJ9.eyJleHAiOjE0ODM0OTMxNTYsImlzcyI6ImFkbWluLWV0YyJ9.CWnv5o4Ci1UjpJd9YLO28b36TOcJiTrpLNTZ2IYpB6E
2017-01-03/10:22:54 controller.go:155 [INF] token valid:trueclaim:map[exp:1.483493156e+09 iss:admin-etc]
2017-01-03/10:23:10 controller.go:146 [INF] token:eyJhbGciOiJIUzI1NiIsInR5cCI6IkpXVCJ9.eyJleHAiOjE0ODM0OTMxNTYsImlzcyI6ImFkbWluLWV0YyJ9.CWnv5o4Ci1UjpJd9YLO28b36TOcJiTrpLNTZ2IYpB6E
2017-01-03/10:23:10 controller.go:155 [INF] token valid:trueclaim:map[exp:1.483493156e+09 iss:admin-etc]
2017-01-03/10:25:23 controller.go:146 [INF] token:eyJhbGciOiJIUzI1NiIsInR5cCI6IkpXVCJ9.eyJleHAiOjE0ODM0OTMxNTYsImlzcyI6ImFkbWluLWV0YyJ9.CWnv5o4Ci1UjpJd9YLO28b36TOcJiTrpLNTZ2IYpB6E
2017-01-03/10:25:23 controller.go:155 [INF] token valid:trueclaim:map[exp:1.483493156e+09 iss:admin-etc]
2017-01-03/10:25:29 controller.go:146 [INF] token:eyJhbGciOiJIUzI1NiIsInR5cCI6IkpXVCJ9.eyJleHAiOjE0ODM0OTMxNTYsImlzcyI6ImFkbWluLWV0YyJ9.CWnv5o4Ci1UjpJd9YLO28b36TOcJiTrpLNTZ2IYpB6E
2017-01-03/10:25:29 controller.go:155 [INF] token valid:trueclaim:map[exp:1.483493156e+09 iss:admin-etc]
2017-01-03/10:36:25 controller.go:146 [INF] token:eyJhbGciOiJIUzI1NiIsInR5cCI6IkpXVCJ9.eyJleHAiOjE0ODM0OTMxNTYsImlzcyI6ImFkbWluLWV0YyJ9.CWnv5o4Ci1UjpJd9YLO28b36TOcJiTrpLNTZ2IYpB6E
2017-01-03/10:36:25 controller.go:155 [INF] token valid:trueclaim:map[iss:admin-etc exp:1.483493156e+09]
2017-01-03/10:37:49 controller.go:146 [INF] token:eyJhbGciOiJIUzI1NiIsInR5cCI6IkpXVCJ9.eyJleHAiOjE0ODM0OTMxNTYsImlzcyI6ImFkbWluLWV0YyJ9.CWnv5o4Ci1UjpJd9YLO28b36TOcJiTrpLNTZ2IYpB6E
2017-01-03/10:37:49 controller.go:155 [INF] token valid:trueclaim:map[exp:1.483493156e+09 iss:admin-etc]
2017-01-03/10:37:53 controller.go:146 [INF] token:eyJhbGciOiJIUzI1NiIsInR5cCI6IkpXVCJ9.eyJleHAiOjE0ODM0OTMxNTYsImlzcyI6ImFkbWluLWV0YyJ9.CWnv5o4Ci1UjpJd9YLO28b36TOcJiTrpLNTZ2IYpB6E
2017-01-03/10:37:53 controller.go:155 [INF] token valid:trueclaim:map[exp:1.483493156e+09 iss:admin-etc]
2017-01-03/10:38:10 controller.go:146 [INF] token:eyJhbGciOiJIUzI1NiIsInR5cCI6IkpXVCJ9.eyJleHAiOjE0ODM0OTMxNTYsImlzcyI6ImFkbWluLWV0YyJ9.CWnv5o4Ci1UjpJd9YLO28b36TOcJiTrpLNTZ2IYpB6E
2017-01-03/10:38:10 controller.go:155 [INF] token valid:trueclaim:map[exp:1.483493156e+09 iss:admin-etc]
2017-01-03/10:38:38 controller.go:146 [INF] token:eyJhbGciOiJIUzI1NiIsInR5cCI6IkpXVCJ9.eyJleHAiOjE0ODM0OTMxNTYsImlzcyI6ImFkbWluLWV0YyJ9.CWnv5o4Ci1UjpJd9YLO28b36TOcJiTrpLNTZ2IYpB6E
2017-01-03/10:38:38 controller.go:155 [INF] token valid:trueclaim:map[exp:1.483493156e+09 iss:admin-etc]
2017-01-03/10:38:52 controller.go:146 [INF] token:eyJhbGciOiJIUzI1NiIsInR5cCI6IkpXVCJ9.eyJleHAiOjE0ODM0OTMxNTYsImlzcyI6ImFkbWluLWV0YyJ9.CWnv5o4Ci1UjpJd9YLO28b36TOcJiTrpLNTZ2IYpB6E
2017-01-03/10:38:52 controller.go:155 [INF] token valid:trueclaim:map[exp:1.483493156e+09 iss:admin-etc]
2017-01-03/10:38:57 controller.go:146 [INF] token:eyJhbGciOiJIUzI1NiIsInR5cCI6IkpXVCJ9.eyJleHAiOjE0ODM0OTMxNTYsImlzcyI6ImFkbWluLWV0YyJ9.CWnv5o4Ci1UjpJd9YLO28b36TOcJiTrpLNTZ2IYpB6E
2017-01-03/10:38:57 controller.go:155 [INF] token valid:trueclaim:map[exp:1.483493156e+09 iss:admin-etc]
2017-01-03/10:41:30 controller.go:146 [INF] token:eyJhbGciOiJIUzI1NiIsInR5cCI6IkpXVCJ9.eyJleHAiOjE0ODM0OTMxNTYsImlzcyI6ImFkbWluLWV0YyJ9.CWnv5o4Ci1UjpJd9YLO28b36TOcJiTrpLNTZ2IYpB6E
2017-01-03/10:41:30 controller.go:155 [INF] token valid:trueclaim:map[exp:1.483493156e+09 iss:admin-etc]
2017-01-03/10:43:06 controller.go:146 [INF] token:eyJhbGciOiJIUzI1NiIsInR5cCI6IkpXVCJ9.eyJleHAiOjE0ODM0OTMxNTYsImlzcyI6ImFkbWluLWV0YyJ9.CWnv5o4Ci1UjpJd9YLO28b36TOcJiTrpLNTZ2IYpB6E
2017-01-03/10:43:06 controller.go:155 [INF] token valid:trueclaim:map[iss:admin-etc exp:1.483493156e+09]
2017-01-03/10:44:27 controller.go:146 [INF] token:eyJhbGciOiJIUzI1NiIsInR5cCI6IkpXVCJ9.eyJleHAiOjE0ODM0OTMxNTYsImlzcyI6ImFkbWluLWV0YyJ9.CWnv5o4Ci1UjpJd9YLO28b36TOcJiTrpLNTZ2IYpB6E
2017-01-03/10:44:27 controller.go:155 [INF] token valid:trueclaim:map[exp:1.483493156e+09 iss:admin-etc]
2017-01-03/10:44:34 controller.go:146 [INF] token:eyJhbGciOiJIUzI1NiIsInR5cCI6IkpXVCJ9.eyJleHAiOjE0ODM0OTMxNTYsImlzcyI6ImFkbWluLWV0YyJ9.CWnv5o4Ci1UjpJd9YLO28b36TOcJiTrpLNTZ2IYpB6E
2017-01-03/10:44:34 controller.go:155 [INF] token valid:trueclaim:map[exp:1.483493156e+09 iss:admin-etc]
2017-01-03/10:54:08 controller.go:146 [INF] token:eyJhbGciOiJIUzI1NiIsInR5cCI6IkpXVCJ9.eyJleHAiOjE0ODM0OTMxNTYsImlzcyI6ImFkbWluLWV0YyJ9.CWnv5o4Ci1UjpJd9YLO28b36TOcJiTrpLNTZ2IYpB6E
2017-01-03/10:54:08 controller.go:155 [INF] token valid:trueclaim:map[iss:admin-etc exp:1.483493156e+09]
2017-01-03/10:54:14 controller.go:146 [INF] token:eyJhbGciOiJIUzI1NiIsInR5cCI6IkpXVCJ9.eyJleHAiOjE0ODM0OTMxNTYsImlzcyI6ImFkbWluLWV0YyJ9.CWnv5o4Ci1UjpJd9YLO28b36TOcJiTrpLNTZ2IYpB6E
2017-01-03/10:54:14 controller.go:155 [INF] token valid:trueclaim:map[exp:1.483493156e+09 iss:admin-etc]
2017-01-03/10:54:34 controller.go:146 [INF] token:eyJhbGciOiJIUzI1NiIsInR5cCI6IkpXVCJ9.eyJleHAiOjE0ODM0OTMxNTYsImlzcyI6ImFkbWluLWV0YyJ9.CWnv5o4Ci1UjpJd9YLO28b36TOcJiTrpLNTZ2IYpB6E
2017-01-03/10:54:34 controller.go:155 [INF] token valid:trueclaim:map[exp:1.483493156e+09 iss:admin-etc]
2017-01-03/10:54:40 controller.go:146 [INF] token:eyJhbGciOiJIUzI1NiIsInR5cCI6IkpXVCJ9.eyJleHAiOjE0ODM0OTMxNTYsImlzcyI6ImFkbWluLWV0YyJ9.CWnv5o4Ci1UjpJd9YLO28b36TOcJiTrpLNTZ2IYpB6E
2017-01-03/10:54:40 controller.go:155 [INF] token valid:trueclaim:map[exp:1.483493156e+09 iss:admin-etc]
2017-01-03/10:55:02 controller.go:146 [INF] token:eyJhbGciOiJIUzI1NiIsInR5cCI6IkpXVCJ9.eyJleHAiOjE0ODM0OTMxNTYsImlzcyI6ImFkbWluLWV0YyJ9.CWnv5o4Ci1UjpJd9YLO28b36TOcJiTrpLNTZ2IYpB6E
2017-01-03/10:55:02 controller.go:155 [INF] token valid:trueclaim:map[exp:1.483493156e+09 iss:admin-etc]
2017-01-03/10:55:57 controller.go:146 [INF] token:eyJhbGciOiJIUzI1NiIsInR5cCI6IkpXVCJ9.eyJleHAiOjE0ODM0OTMxNTYsImlzcyI6ImFkbWluLWV0YyJ9.CWnv5o4Ci1UjpJd9YLO28b36TOcJiTrpLNTZ2IYpB6E
2017-01-03/10:55:57 controller.go:155 [INF] token valid:trueclaim:map[exp:1.483493156e+09 iss:admin-etc]
2017-01-03/10:56:27 controller.go:146 [INF] token:eyJhbGciOiJIUzI1NiIsInR5cCI6IkpXVCJ9.eyJleHAiOjE0ODM0OTMxNTYsImlzcyI6ImFkbWluLWV0YyJ9.CWnv5o4Ci1UjpJd9YLO28b36TOcJiTrpLNTZ2IYpB6E
2017-01-03/10:56:27 controller.go:155 [INF] token valid:trueclaim:map[exp:1.483493156e+09 iss:admin-etc]
2017-01-03/10:57:26 controller.go:146 [INF] token:eyJhbGciOiJIUzI1NiIsInR5cCI6IkpXVCJ9.eyJleHAiOjE0ODM0OTMxNTYsImlzcyI6ImFkbWluLWV0YyJ9.CWnv5o4Ci1UjpJd9YLO28b36TOcJiTrpLNTZ2IYpB6E
2017-01-03/10:57:26 controller.go:155 [INF] token valid:trueclaim:map[exp:1.483493156e+09 iss:admin-etc]
2017-01-03/11:01:00 controller.go:146 [INF] token:eyJhbGciOiJIUzI1NiIsInR5cCI6IkpXVCJ9.eyJleHAiOjE0ODM0OTMxNTYsImlzcyI6ImFkbWluLWV0YyJ9.CWnv5o4Ci1UjpJd9YLO28b36TOcJiTrpLNTZ2IYpB6E
2017-01-03/11:01:00 controller.go:155 [INF] token valid:trueclaim:map[exp:1.483493156e+09 iss:admin-etc]
2017-01-03/11:01:20 controller.go:146 [INF] token:eyJhbGciOiJIUzI1NiIsInR5cCI6IkpXVCJ9.eyJleHAiOjE0ODM0OTMxNTYsImlzcyI6ImFkbWluLWV0YyJ9.CWnv5o4Ci1UjpJd9YLO28b36TOcJiTrpLNTZ2IYpB6E
2017-01-03/11:01:20 controller.go:155 [INF] token valid:trueclaim:map[exp:1.483493156e+09 iss:admin-etc]
2017-01-03/11:01:25 controller.go:146 [INF] token:eyJhbGciOiJIUzI1NiIsInR5cCI6IkpXVCJ9.eyJleHAiOjE0ODM0OTMxNTYsImlzcyI6ImFkbWluLWV0YyJ9.CWnv5o4Ci1UjpJd9YLO28b36TOcJiTrpLNTZ2IYpB6E
2017-01-03/11:01:25 controller.go:155 [INF] token valid:trueclaim:map[exp:1.483493156e+09 iss:admin-etc]
2017-01-03/11:01:32 controller.go:146 [INF] token:eyJhbGciOiJIUzI1NiIsInR5cCI6IkpXVCJ9.eyJleHAiOjE0ODM0OTMxNTYsImlzcyI6ImFkbWluLWV0YyJ9.CWnv5o4Ci1UjpJd9YLO28b36TOcJiTrpLNTZ2IYpB6E
2017-01-03/11:01:32 controller.go:155 [INF] token valid:trueclaim:map[exp:1.483493156e+09 iss:admin-etc]
2017-01-03/11:06:08 controller.go:146 [INF] token:eyJhbGciOiJIUzI1NiIsInR5cCI6IkpXVCJ9.eyJleHAiOjE0ODM0OTMxNTYsImlzcyI6ImFkbWluLWV0YyJ9.CWnv5o4Ci1UjpJd9YLO28b36TOcJiTrpLNTZ2IYpB6E
2017-01-03/11:06:08 controller.go:155 [INF] token valid:trueclaim:map[exp:1.483493156e+09 iss:admin-etc]
2017-01-03/11:06:12 controller.go:146 [INF] token:eyJhbGciOiJIUzI1NiIsInR5cCI6IkpXVCJ9.eyJleHAiOjE0ODM0OTMxNTYsImlzcyI6ImFkbWluLWV0YyJ9.CWnv5o4Ci1UjpJd9YLO28b36TOcJiTrpLNTZ2IYpB6E
2017-01-03/11:06:12 controller.go:155 [INF] token valid:trueclaim:map[exp:1.483493156e+09 iss:admin-etc]
2017-01-03/11:06:24 controller.go:146 [INF] token:eyJhbGciOiJIUzI1NiIsInR5cCI6IkpXVCJ9.eyJleHAiOjE0ODM0OTMxNTYsImlzcyI6ImFkbWluLWV0YyJ9.CWnv5o4Ci1UjpJd9YLO28b36TOcJiTrpLNTZ2IYpB6E
2017-01-03/11:06:24 controller.go:155 [INF] token valid:trueclaim:map[exp:1.483493156e+09 iss:admin-etc]
2017-01-03/11:07:09 controller.go:146 [INF] token:eyJhbGciOiJIUzI1NiIsInR5cCI6IkpXVCJ9.eyJleHAiOjE0ODM0OTMxNTYsImlzcyI6ImFkbWluLWV0YyJ9.CWnv5o4Ci1UjpJd9YLO28b36TOcJiTrpLNTZ2IYpB6E
2017-01-03/11:07:09 controller.go:155 [INF] token valid:trueclaim:map[exp:1.483493156e+09 iss:admin-etc]
2017-01-03/11:07:21 controller.go:146 [INF] token:eyJhbGciOiJIUzI1NiIsInR5cCI6IkpXVCJ9.eyJleHAiOjE0ODM0OTMxNTYsImlzcyI6ImFkbWluLWV0YyJ9.CWnv5o4Ci1UjpJd9YLO28b36TOcJiTrpLNTZ2IYpB6E
2017-01-03/11:07:21 controller.go:155 [INF] token valid:trueclaim:map[iss:admin-etc exp:1.483493156e+09]
2017-01-03/11:08:06 controller.go:146 [INF] token:eyJhbGciOiJIUzI1NiIsInR5cCI6IkpXVCJ9.eyJleHAiOjE0ODM0OTMxNTYsImlzcyI6ImFkbWluLWV0YyJ9.CWnv5o4Ci1UjpJd9YLO28b36TOcJiTrpLNTZ2IYpB6E
2017-01-03/11:08:06 controller.go:155 [INF] token valid:trueclaim:map[exp:1.483493156e+09 iss:admin-etc]
2017-01-03/11:08:12 controller.go:146 [INF] token:eyJhbGciOiJIUzI1NiIsInR5cCI6IkpXVCJ9.eyJleHAiOjE0ODM0OTMxNTYsImlzcyI6ImFkbWluLWV0YyJ9.CWnv5o4Ci1UjpJd9YLO28b36TOcJiTrpLNTZ2IYpB6E
2017-01-03/11:08:12 controller.go:155 [INF] token valid:trueclaim:map[exp:1.483493156e+09 iss:admin-etc]
2017-01-03/11:17:43 controller.go:146 [INF] token:eyJhbGciOiJIUzI1NiIsInR5cCI6IkpXVCJ9.eyJleHAiOjE0ODM0OTMxNTYsImlzcyI6ImFkbWluLWV0YyJ9.CWnv5o4Ci1UjpJd9YLO28b36TOcJiTrpLNTZ2IYpB6E
2017-01-03/11:17:43 controller.go:155 [INF] token valid:trueclaim:map[exp:1.483493156e+09 iss:admin-etc]
2017-01-03/11:17:53 controller.go:146 [INF] token:eyJhbGciOiJIUzI1NiIsInR5cCI6IkpXVCJ9.eyJleHAiOjE0ODM0OTMxNTYsImlzcyI6ImFkbWluLWV0YyJ9.CWnv5o4Ci1UjpJd9YLO28b36TOcJiTrpLNTZ2IYpB6E
2017-01-03/11:17:53 controller.go:155 [INF] token valid:trueclaim:map[iss:admin-etc exp:1.483493156e+09]
2017-01-03/11:18:05 controller.go:146 [INF] token:eyJhbGciOiJIUzI1NiIsInR5cCI6IkpXVCJ9.eyJleHAiOjE0ODM0OTMxNTYsImlzcyI6ImFkbWluLWV0YyJ9.CWnv5o4Ci1UjpJd9YLO28b36TOcJiTrpLNTZ2IYpB6E
2017-01-03/11:18:05 controller.go:155 [INF] token valid:trueclaim:map[exp:1.483493156e+09 iss:admin-etc]
2017-01-03/11:18:32 controller.go:146 [INF] token:eyJhbGciOiJIUzI1NiIsInR5cCI6IkpXVCJ9.eyJleHAiOjE0ODM0OTMxNTYsImlzcyI6ImFkbWluLWV0YyJ9.CWnv5o4Ci1UjpJd9YLO28b36TOcJiTrpLNTZ2IYpB6E
2017-01-03/11:18:32 controller.go:155 [INF] token valid:trueclaim:map[exp:1.483493156e+09 iss:admin-etc]
2017-01-03/11:19:08 controller.go:146 [INF] token:eyJhbGciOiJIUzI1NiIsInR5cCI6IkpXVCJ9.eyJleHAiOjE0ODM0OTMxNTYsImlzcyI6ImFkbWluLWV0YyJ9.CWnv5o4Ci1UjpJd9YLO28b36TOcJiTrpLNTZ2IYpB6E
2017-01-03/11:19:08 controller.go:155 [INF] token valid:trueclaim:map[exp:1.483493156e+09 iss:admin-etc]
2017-01-03/11:19:48 controller.go:146 [INF] token:eyJhbGciOiJIUzI1NiIsInR5cCI6IkpXVCJ9.eyJleHAiOjE0ODM0OTMxNTYsImlzcyI6ImFkbWluLWV0YyJ9.CWnv5o4Ci1UjpJd9YLO28b36TOcJiTrpLNTZ2IYpB6E
2017-01-03/11:19:48 controller.go:155 [INF] token valid:trueclaim:map[exp:1.483493156e+09 iss:admin-etc]
2017-01-03/11:20:36 controller.go:146 [INF] token:eyJhbGciOiJIUzI1NiIsInR5cCI6IkpXVCJ9.eyJleHAiOjE0ODM0OTMxNTYsImlzcyI6ImFkbWluLWV0YyJ9.CWnv5o4Ci1UjpJd9YLO28b36TOcJiTrpLNTZ2IYpB6E
2017-01-03/11:20:36 controller.go:155 [INF] token valid:trueclaim:map[exp:1.483493156e+09 iss:admin-etc]
2017-01-03/11:20:59 controller.go:146 [INF] token:eyJhbGciOiJIUzI1NiIsInR5cCI6IkpXVCJ9.eyJleHAiOjE0ODM0OTMxNTYsImlzcyI6ImFkbWluLWV0YyJ9.CWnv5o4Ci1UjpJd9YLO28b36TOcJiTrpLNTZ2IYpB6E
2017-01-03/11:20:59 controller.go:155 [INF] token valid:trueclaim:map[exp:1.483493156e+09 iss:admin-etc]
2017-01-03/11:21:03 controller.go:146 [INF] token:eyJhbGciOiJIUzI1NiIsInR5cCI6IkpXVCJ9.eyJleHAiOjE0ODM0OTMxNTYsImlzcyI6ImFkbWluLWV0YyJ9.CWnv5o4Ci1UjpJd9YLO28b36TOcJiTrpLNTZ2IYpB6E
2017-01-03/11:21:03 controller.go:155 [INF] token valid:trueclaim:map[exp:1.483493156e+09 iss:admin-etc]
2017-01-03/11:22:35 controller.go:146 [INF] token:eyJhbGciOiJIUzI1NiIsInR5cCI6IkpXVCJ9.eyJleHAiOjE0ODM0OTMxNTYsImlzcyI6ImFkbWluLWV0YyJ9.CWnv5o4Ci1UjpJd9YLO28b36TOcJiTrpLNTZ2IYpB6E
2017-01-03/11:22:35 controller.go:155 [INF] token valid:trueclaim:map[exp:1.483493156e+09 iss:admin-etc]
2017-01-03/11:24:06 controller.go:146 [INF] token:eyJhbGciOiJIUzI1NiIsInR5cCI6IkpXVCJ9.eyJleHAiOjE0ODM0OTMxNTYsImlzcyI6ImFkbWluLWV0YyJ9.CWnv5o4Ci1UjpJd9YLO28b36TOcJiTrpLNTZ2IYpB6E
2017-01-03/11:24:06 controller.go:155 [INF] token valid:trueclaim:map[iss:admin-etc exp:1.483493156e+09]
2017-01-03/11:24:10 controller.go:146 [INF] token:eyJhbGciOiJIUzI1NiIsInR5cCI6IkpXVCJ9.eyJleHAiOjE0ODM0OTMxNTYsImlzcyI6ImFkbWluLWV0YyJ9.CWnv5o4Ci1UjpJd9YLO28b36TOcJiTrpLNTZ2IYpB6E
2017-01-03/11:24:10 controller.go:155 [INF] token valid:trueclaim:map[exp:1.483493156e+09 iss:admin-etc]
2017-01-03/11:24:31 controller.go:146 [INF] token:eyJhbGciOiJIUzI1NiIsInR5cCI6IkpXVCJ9.eyJleHAiOjE0ODM0OTMxNTYsImlzcyI6ImFkbWluLWV0YyJ9.CWnv5o4Ci1UjpJd9YLO28b36TOcJiTrpLNTZ2IYpB6E
2017-01-03/11:24:31 controller.go:155 [INF] token valid:trueclaim:map[exp:1.483493156e+09 iss:admin-etc]
2017-01-03/11:25:08 controller.go:146 [INF] token:eyJhbGciOiJIUzI1NiIsInR5cCI6IkpXVCJ9.eyJleHAiOjE0ODM0OTMxNTYsImlzcyI6ImFkbWluLWV0YyJ9.CWnv5o4Ci1UjpJd9YLO28b36TOcJiTrpLNTZ2IYpB6E
2017-01-03/11:25:08 controller.go:155 [INF] token valid:trueclaim:map[exp:1.483493156e+09 iss:admin-etc]
2017-01-03/11:26:52 controller.go:146 [INF] token:eyJhbGciOiJIUzI1NiIsInR5cCI6IkpXVCJ9.eyJleHAiOjE0ODM0OTMxNTYsImlzcyI6ImFkbWluLWV0YyJ9.CWnv5o4Ci1UjpJd9YLO28b36TOcJiTrpLNTZ2IYpB6E
2017-01-03/11:26:52 controller.go:155 [INF] token valid:trueclaim:map[exp:1.483493156e+09 iss:admin-etc]
2017-01-03/11:27:45 controller.go:146 [INF] token:eyJhbGciOiJIUzI1NiIsInR5cCI6IkpXVCJ9.eyJleHAiOjE0ODM0OTMxNTYsImlzcyI6ImFkbWluLWV0YyJ9.CWnv5o4Ci1UjpJd9YLO28b36TOcJiTrpLNTZ2IYpB6E
2017-01-03/11:27:45 controller.go:155 [INF] token valid:trueclaim:map[exp:1.483493156e+09 iss:admin-etc]
2017-01-03/11:28:19 controller.go:146 [INF] token:eyJhbGciOiJIUzI1NiIsInR5cCI6IkpXVCJ9.eyJleHAiOjE0ODM0OTMxNTYsImlzcyI6ImFkbWluLWV0YyJ9.CWnv5o4Ci1UjpJd9YLO28b36TOcJiTrpLNTZ2IYpB6E
2017-01-03/11:28:19 controller.go:155 [INF] token valid:trueclaim:map[exp:1.483493156e+09 iss:admin-etc]
2017-01-03/11:28:34 controller.go:146 [INF] token:eyJhbGciOiJIUzI1NiIsInR5cCI6IkpXVCJ9.eyJleHAiOjE0ODM0OTMxNTYsImlzcyI6ImFkbWluLWV0YyJ9.CWnv5o4Ci1UjpJd9YLO28b36TOcJiTrpLNTZ2IYpB6E
2017-01-03/11:28:34 controller.go:155 [INF] token valid:trueclaim:map[iss:admin-etc exp:1.483493156e+09]
2017-01-03/11:29:39 controller.go:146 [INF] token:eyJhbGciOiJIUzI1NiIsInR5cCI6IkpXVCJ9.eyJleHAiOjE0ODM0OTMxNTYsImlzcyI6ImFkbWluLWV0YyJ9.CWnv5o4Ci1UjpJd9YLO28b36TOcJiTrpLNTZ2IYpB6E
2017-01-03/11:29:39 controller.go:155 [INF] token valid:trueclaim:map[exp:1.483493156e+09 iss:admin-etc]
2017-01-03/11:29:59 controller.go:146 [INF] token:eyJhbGciOiJIUzI1NiIsInR5cCI6IkpXVCJ9.eyJleHAiOjE0ODM0OTMxNTYsImlzcyI6ImFkbWluLWV0YyJ9.CWnv5o4Ci1UjpJd9YLO28b36TOcJiTrpLNTZ2IYpB6E
2017-01-03/11:29:59 controller.go:155 [INF] token valid:trueclaim:map[exp:1.483493156e+09 iss:admin-etc]
2017-01-03/11:30:19 controller.go:146 [INF] token:eyJhbGciOiJIUzI1NiIsInR5cCI6IkpXVCJ9.eyJleHAiOjE0ODM0OTMxNTYsImlzcyI6ImFkbWluLWV0YyJ9.CWnv5o4Ci1UjpJd9YLO28b36TOcJiTrpLNTZ2IYpB6E
2017-01-03/11:30:19 controller.go:155 [INF] token valid:trueclaim:map[exp:1.483493156e+09 iss:admin-etc]
2017-01-03/11:32:25 controller.go:146 [INF] token:eyJhbGciOiJIUzI1NiIsInR5cCI6IkpXVCJ9.eyJleHAiOjE0ODM0OTMxNTYsImlzcyI6ImFkbWluLWV0YyJ9.CWnv5o4Ci1UjpJd9YLO28b36TOcJiTrpLNTZ2IYpB6E
2017-01-03/11:32:25 controller.go:155 [INF] token valid:trueclaim:map[exp:1.483493156e+09 iss:admin-etc]
2017-01-03/11:32:37 controller.go:146 [INF] token:eyJhbGciOiJIUzI1NiIsInR5cCI6IkpXVCJ9.eyJleHAiOjE0ODM0OTMxNTYsImlzcyI6ImFkbWluLWV0YyJ9.CWnv5o4Ci1UjpJd9YLO28b36TOcJiTrpLNTZ2IYpB6E
2017-01-03/11:32:37 controller.go:155 [INF] token valid:trueclaim:map[exp:1.483493156e+09 iss:admin-etc]
2017-01-03/11:32:45 controller.go:146 [INF] token:eyJhbGciOiJIUzI1NiIsInR5cCI6IkpXVCJ9.eyJleHAiOjE0ODM0OTMxNTYsImlzcyI6ImFkbWluLWV0YyJ9.CWnv5o4Ci1UjpJd9YLO28b36TOcJiTrpLNTZ2IYpB6E
2017-01-03/11:32:45 controller.go:155 [INF] token valid:trueclaim:map[exp:1.483493156e+09 iss:admin-etc]
2017-01-03/11:33:05 controller.go:146 [INF] token:eyJhbGciOiJIUzI1NiIsInR5cCI6IkpXVCJ9.eyJleHAiOjE0ODM0OTMxNTYsImlzcyI6ImFkbWluLWV0YyJ9.CWnv5o4Ci1UjpJd9YLO28b36TOcJiTrpLNTZ2IYpB6E
2017-01-03/11:33:05 controller.go:155 [INF] token valid:trueclaim:map[exp:1.483493156e+09 iss:admin-etc]
2017-01-03/11:33:15 controller.go:146 [INF] token:eyJhbGciOiJIUzI1NiIsInR5cCI6IkpXVCJ9.eyJleHAiOjE0ODM0OTMxNTYsImlzcyI6ImFkbWluLWV0YyJ9.CWnv5o4Ci1UjpJd9YLO28b36TOcJiTrpLNTZ2IYpB6E
2017-01-03/11:33:15 controller.go:155 [INF] token valid:trueclaim:map[exp:1.483493156e+09 iss:admin-etc]
2017-01-03/11:33:21 controller.go:146 [INF] token:eyJhbGciOiJIUzI1NiIsInR5cCI6IkpXVCJ9.eyJleHAiOjE0ODM0OTMxNTYsImlzcyI6ImFkbWluLWV0YyJ9.CWnv5o4Ci1UjpJd9YLO28b36TOcJiTrpLNTZ2IYpB6E
2017-01-03/11:33:21 controller.go:155 [INF] token valid:trueclaim:map[exp:1.483493156e+09 iss:admin-etc]
2017-01-03/11:34:43 controller.go:146 [INF] token:eyJhbGciOiJIUzI1NiIsInR5cCI6IkpXVCJ9.eyJleHAiOjE0ODM0OTMxNTYsImlzcyI6ImFkbWluLWV0YyJ9.CWnv5o4Ci1UjpJd9YLO28b36TOcJiTrpLNTZ2IYpB6E
2017-01-03/11:34:43 controller.go:155 [INF] token valid:trueclaim:map[exp:1.483493156e+09 iss:admin-etc]
2017-01-03/11:34:47 controller.go:146 [INF] token:eyJhbGciOiJIUzI1NiIsInR5cCI6IkpXVCJ9.eyJleHAiOjE0ODM0OTMxNTYsImlzcyI6ImFkbWluLWV0YyJ9.CWnv5o4Ci1UjpJd9YLO28b36TOcJiTrpLNTZ2IYpB6E
2017-01-03/11:34:47 controller.go:155 [INF] token valid:trueclaim:map[exp:1.483493156e+09 iss:admin-etc]
2017-01-03/11:34:56 controller.go:146 [INF] token:eyJhbGciOiJIUzI1NiIsInR5cCI6IkpXVCJ9.eyJleHAiOjE0ODM0OTMxNTYsImlzcyI6ImFkbWluLWV0YyJ9.CWnv5o4Ci1UjpJd9YLO28b36TOcJiTrpLNTZ2IYpB6E
2017-01-03/11:34:56 controller.go:155 [INF] token valid:trueclaim:map[exp:1.483493156e+09 iss:admin-etc]
2017-01-03/11:35:01 controller.go:146 [INF] token:eyJhbGciOiJIUzI1NiIsInR5cCI6IkpXVCJ9.eyJleHAiOjE0ODM0OTMxNTYsImlzcyI6ImFkbWluLWV0YyJ9.CWnv5o4Ci1UjpJd9YLO28b36TOcJiTrpLNTZ2IYpB6E
2017-01-03/11:35:01 controller.go:155 [INF] token valid:trueclaim:map[exp:1.483493156e+09 iss:admin-etc]
2017-01-03/11:35:05 controller.go:146 [INF] token:eyJhbGciOiJIUzI1NiIsInR5cCI6IkpXVCJ9.eyJleHAiOjE0ODM0OTMxNTYsImlzcyI6ImFkbWluLWV0YyJ9.CWnv5o4Ci1UjpJd9YLO28b36TOcJiTrpLNTZ2IYpB6E
2017-01-03/11:35:05 controller.go:155 [INF] token valid:trueclaim:map[exp:1.483493156e+09 iss:admin-etc]
2017-01-03/11:35:10 controller.go:146 [INF] token:eyJhbGciOiJIUzI1NiIsInR5cCI6IkpXVCJ9.eyJleHAiOjE0ODM0OTMxNTYsImlzcyI6ImFkbWluLWV0YyJ9.CWnv5o4Ci1UjpJd9YLO28b36TOcJiTrpLNTZ2IYpB6E
2017-01-03/11:35:10 controller.go:155 [INF] token valid:trueclaim:map[exp:1.483493156e+09 iss:admin-etc]
2017-01-03/11:35:15 controller.go:146 [INF] token:eyJhbGciOiJIUzI1NiIsInR5cCI6IkpXVCJ9.eyJleHAiOjE0ODM0OTMxNTYsImlzcyI6ImFkbWluLWV0YyJ9.CWnv5o4Ci1UjpJd9YLO28b36TOcJiTrpLNTZ2IYpB6E
2017-01-03/11:35:15 controller.go:155 [INF] token valid:trueclaim:map[exp:1.483493156e+09 iss:admin-etc]
2017-01-03/11:35:19 controller.go:146 [INF] token:eyJhbGciOiJIUzI1NiIsInR5cCI6IkpXVCJ9.eyJleHAiOjE0ODM0OTMxNTYsImlzcyI6ImFkbWluLWV0YyJ9.CWnv5o4Ci1UjpJd9YLO28b36TOcJiTrpLNTZ2IYpB6E
2017-01-03/11:35:19 controller.go:155 [INF] token valid:trueclaim:map[exp:1.483493156e+09 iss:admin-etc]
2017-01-03/11:35:22 controller.go:146 [INF] token:eyJhbGciOiJIUzI1NiIsInR5cCI6IkpXVCJ9.eyJleHAiOjE0ODM0OTMxNTYsImlzcyI6ImFkbWluLWV0YyJ9.CWnv5o4Ci1UjpJd9YLO28b36TOcJiTrpLNTZ2IYpB6E
2017-01-03/11:35:22 controller.go:155 [INF] token valid:trueclaim:map[exp:1.483493156e+09 iss:admin-etc]
2017-01-03/11:35:26 controller.go:146 [INF] token:eyJhbGciOiJIUzI1NiIsInR5cCI6IkpXVCJ9.eyJleHAiOjE0ODM0OTMxNTYsImlzcyI6ImFkbWluLWV0YyJ9.CWnv5o4Ci1UjpJd9YLO28b36TOcJiTrpLNTZ2IYpB6E
2017-01-03/11:35:26 controller.go:155 [INF] token valid:trueclaim:map[exp:1.483493156e+09 iss:admin-etc]
2017-01-03/11:35:33 controller.go:146 [INF] token:eyJhbGciOiJIUzI1NiIsInR5cCI6IkpXVCJ9.eyJleHAiOjE0ODM0OTMxNTYsImlzcyI6ImFkbWluLWV0YyJ9.CWnv5o4Ci1UjpJd9YLO28b36TOcJiTrpLNTZ2IYpB6E
2017-01-03/11:35:33 controller.go:155 [INF] token valid:trueclaim:map[exp:1.483493156e+09 iss:admin-etc]
2017-01-03/11:36:37 controller.go:146 [INF] token:eyJhbGciOiJIUzI1NiIsInR5cCI6IkpXVCJ9.eyJleHAiOjE0ODM0OTMxNTYsImlzcyI6ImFkbWluLWV0YyJ9.CWnv5o4Ci1UjpJd9YLO28b36TOcJiTrpLNTZ2IYpB6E
2017-01-03/11:36:37 controller.go:155 [INF] token valid:trueclaim:map[exp:1.483493156e+09 iss:admin-etc]
2017-01-03/11:37:06 controller.go:146 [INF] token:eyJhbGciOiJIUzI1NiIsInR5cCI6IkpXVCJ9.eyJleHAiOjE0ODM0OTMxNTYsImlzcyI6ImFkbWluLWV0YyJ9.CWnv5o4Ci1UjpJd9YLO28b36TOcJiTrpLNTZ2IYpB6E
2017-01-03/11:37:06 controller.go:155 [INF] token valid:trueclaim:map[iss:admin-etc exp:1.483493156e+09]
2017-01-03/11:37:47 controller.go:146 [INF] token:eyJhbGciOiJIUzI1NiIsInR5cCI6IkpXVCJ9.eyJleHAiOjE0ODM0OTMxNTYsImlzcyI6ImFkbWluLWV0YyJ9.CWnv5o4Ci1UjpJd9YLO28b36TOcJiTrpLNTZ2IYpB6E
2017-01-03/11:37:47 controller.go:155 [INF] token valid:trueclaim:map[iss:admin-etc exp:1.483493156e+09]
2017-01-03/11:39:03 controller.go:146 [INF] token:eyJhbGciOiJIUzI1NiIsInR5cCI6IkpXVCJ9.eyJleHAiOjE0ODM0OTMxNTYsImlzcyI6ImFkbWluLWV0YyJ9.CWnv5o4Ci1UjpJd9YLO28b36TOcJiTrpLNTZ2IYpB6E
2017-01-03/11:39:03 controller.go:155 [INF] token valid:trueclaim:map[exp:1.483493156e+09 iss:admin-etc]
2017-01-03/11:39:40 controller.go:146 [INF] token:eyJhbGciOiJIUzI1NiIsInR5cCI6IkpXVCJ9.eyJleHAiOjE0ODM0OTMxNTYsImlzcyI6ImFkbWluLWV0YyJ9.CWnv5o4Ci1UjpJd9YLO28b36TOcJiTrpLNTZ2IYpB6E
2017-01-03/11:39:40 controller.go:155 [INF] token valid:trueclaim:map[exp:1.483493156e+09 iss:admin-etc]
2017-01-03/11:41:45 controller.go:146 [INF] token:eyJhbGciOiJIUzI1NiIsInR5cCI6IkpXVCJ9.eyJleHAiOjE0ODM0OTMxNTYsImlzcyI6ImFkbWluLWV0YyJ9.CWnv5o4Ci1UjpJd9YLO28b36TOcJiTrpLNTZ2IYpB6E
2017-01-03/11:41:45 controller.go:155 [INF] token valid:trueclaim:map[exp:1.483493156e+09 iss:admin-etc]
2017-01-03/11:43:43 controller.go:146 [INF] token:eyJhbGciOiJIUzI1NiIsInR5cCI6IkpXVCJ9.eyJleHAiOjE0ODM0OTMxNTYsImlzcyI6ImFkbWluLWV0YyJ9.CWnv5o4Ci1UjpJd9YLO28b36TOcJiTrpLNTZ2IYpB6E
2017-01-03/11:43:43 controller.go:155 [INF] token valid:trueclaim:map[exp:1.483493156e+09 iss:admin-etc]
2017-01-03/11:44:20 controller.go:146 [INF] token:eyJhbGciOiJIUzI1NiIsInR5cCI6IkpXVCJ9.eyJleHAiOjE0ODM0OTMxNTYsImlzcyI6ImFkbWluLWV0YyJ9.CWnv5o4Ci1UjpJd9YLO28b36TOcJiTrpLNTZ2IYpB6E
2017-01-03/11:44:20 controller.go:155 [INF] token valid:trueclaim:map[exp:1.483493156e+09 iss:admin-etc]
2017-01-03/11:49:21 controller.go:146 [INF] token:eyJhbGciOiJIUzI1NiIsInR5cCI6IkpXVCJ9.eyJleHAiOjE0ODM0OTMxNTYsImlzcyI6ImFkbWluLWV0YyJ9.CWnv5o4Ci1UjpJd9YLO28b36TOcJiTrpLNTZ2IYpB6E
2017-01-03/11:49:21 controller.go:155 [INF] token valid:trueclaim:map[exp:1.483493156e+09 iss:admin-etc]
2017-01-03/11:49:28 controller.go:146 [INF] token:eyJhbGciOiJIUzI1NiIsInR5cCI6IkpXVCJ9.eyJleHAiOjE0ODM0OTMxNTYsImlzcyI6ImFkbWluLWV0YyJ9.CWnv5o4Ci1UjpJd9YLO28b36TOcJiTrpLNTZ2IYpB6E
2017-01-03/11:49:28 controller.go:155 [INF] token valid:trueclaim:map[exp:1.483493156e+09 iss:admin-etc]
2017-01-03/11:49:32 controller.go:146 [INF] token:eyJhbGciOiJIUzI1NiIsInR5cCI6IkpXVCJ9.eyJleHAiOjE0ODM0OTMxNTYsImlzcyI6ImFkbWluLWV0YyJ9.CWnv5o4Ci1UjpJd9YLO28b36TOcJiTrpLNTZ2IYpB6E
2017-01-03/11:49:32 controller.go:155 [INF] token valid:trueclaim:map[exp:1.483493156e+09 iss:admin-etc]
2017-01-03/11:49:37 controller.go:146 [INF] token:eyJhbGciOiJIUzI1NiIsInR5cCI6IkpXVCJ9.eyJleHAiOjE0ODM0OTMxNTYsImlzcyI6ImFkbWluLWV0YyJ9.CWnv5o4Ci1UjpJd9YLO28b36TOcJiTrpLNTZ2IYpB6E
2017-01-03/11:49:37 controller.go:155 [INF] token valid:trueclaim:map[exp:1.483493156e+09 iss:admin-etc]
2017-01-03/13:28:15 controller.go:146 [INF] token:eyJhbGciOiJIUzI1NiIsInR5cCI6IkpXVCJ9.eyJleHAiOjE0ODM0OTMxNTYsImlzcyI6ImFkbWluLWV0YyJ9.CWnv5o4Ci1UjpJd9YLO28b36TOcJiTrpLNTZ2IYpB6E
2017-01-03/13:28:15 controller.go:155 [INF] token valid:trueclaim:map[iss:admin-etc exp:1.483493156e+09]
2017-01-03/13:31:11 controller.go:146 [INF] token:eyJhbGciOiJIUzI1NiIsInR5cCI6IkpXVCJ9.eyJleHAiOjE0ODM0OTMxNTYsImlzcyI6ImFkbWluLWV0YyJ9.CWnv5o4Ci1UjpJd9YLO28b36TOcJiTrpLNTZ2IYpB6E
2017-01-03/13:31:11 controller.go:155 [INF] token valid:trueclaim:map[exp:1.483493156e+09 iss:admin-etc]
2017-01-03/13:35:20 controller.go:146 [INF] token:eyJhbGciOiJIUzI1NiIsInR5cCI6IkpXVCJ9.eyJleHAiOjE0ODM0OTMxNTYsImlzcyI6ImFkbWluLWV0YyJ9.CWnv5o4Ci1UjpJd9YLO28b36TOcJiTrpLNTZ2IYpB6E
2017-01-03/13:35:20 controller.go:155 [INF] token valid:trueclaim:map[exp:1.483493156e+09 iss:admin-etc]
2017-01-03/13:35:51 controller.go:146 [INF] token:eyJhbGciOiJIUzI1NiIsInR5cCI6IkpXVCJ9.eyJleHAiOjE0ODM0OTMxNTYsImlzcyI6ImFkbWluLWV0YyJ9.CWnv5o4Ci1UjpJd9YLO28b36TOcJiTrpLNTZ2IYpB6E
2017-01-03/13:35:51 controller.go:155 [INF] token valid:trueclaim:map[exp:1.483493156e+09 iss:admin-etc]
2017-01-03/13:36:02 controller.go:146 [INF] token:eyJhbGciOiJIUzI1NiIsInR5cCI6IkpXVCJ9.eyJleHAiOjE0ODM0OTMxNTYsImlzcyI6ImFkbWluLWV0YyJ9.CWnv5o4Ci1UjpJd9YLO28b36TOcJiTrpLNTZ2IYpB6E
2017-01-03/13:36:02 controller.go:155 [INF] token valid:trueclaim:map[exp:1.483493156e+09 iss:admin-etc]
2017-01-03/13:39:04 controller.go:146 [INF] token:eyJhbGciOiJIUzI1NiIsInR5cCI6IkpXVCJ9.eyJleHAiOjE0ODM0OTMxNTYsImlzcyI6ImFkbWluLWV0YyJ9.CWnv5o4Ci1UjpJd9YLO28b36TOcJiTrpLNTZ2IYpB6E
2017-01-03/13:39:04 controller.go:155 [INF] token valid:trueclaim:map[exp:1.483493156e+09 iss:admin-etc]
2017-01-03/13:39:12 controller.go:146 [INF] token:eyJhbGciOiJIUzI1NiIsInR5cCI6IkpXVCJ9.eyJleHAiOjE0ODM0OTMxNTYsImlzcyI6ImFkbWluLWV0YyJ9.CWnv5o4Ci1UjpJd9YLO28b36TOcJiTrpLNTZ2IYpB6E
2017-01-03/13:39:12 controller.go:155 [INF] token valid:trueclaim:map[exp:1.483493156e+09 iss:admin-etc]
2017-01-03/13:39:46 controller.go:146 [INF] token:eyJhbGciOiJIUzI1NiIsInR5cCI6IkpXVCJ9.eyJleHAiOjE0ODM0OTMxNTYsImlzcyI6ImFkbWluLWV0YyJ9.CWnv5o4Ci1UjpJd9YLO28b36TOcJiTrpLNTZ2IYpB6E
2017-01-03/13:39:46 controller.go:155 [INF] token valid:trueclaim:map[exp:1.483493156e+09 iss:admin-etc]
2017-01-03/13:39:51 controller.go:146 [INF] token:eyJhbGciOiJIUzI1NiIsInR5cCI6IkpXVCJ9.eyJleHAiOjE0ODM0OTMxNTYsImlzcyI6ImFkbWluLWV0YyJ9.CWnv5o4Ci1UjpJd9YLO28b36TOcJiTrpLNTZ2IYpB6E
2017-01-03/13:39:51 controller.go:155 [INF] token valid:trueclaim:map[exp:1.483493156e+09 iss:admin-etc]
2017-01-03/13:40:03 controller.go:146 [INF] token:eyJhbGciOiJIUzI1NiIsInR5cCI6IkpXVCJ9.eyJleHAiOjE0ODM0OTMxNTYsImlzcyI6ImFkbWluLWV0YyJ9.CWnv5o4Ci1UjpJd9YLO28b36TOcJiTrpLNTZ2IYpB6E
2017-01-03/13:40:03 controller.go:155 [INF] token valid:trueclaim:map[exp:1.483493156e+09 iss:admin-etc]
2017-01-03/13:40:09 controller.go:146 [INF] token:eyJhbGciOiJIUzI1NiIsInR5cCI6IkpXVCJ9.eyJleHAiOjE0ODM0OTMxNTYsImlzcyI6ImFkbWluLWV0YyJ9.CWnv5o4Ci1UjpJd9YLO28b36TOcJiTrpLNTZ2IYpB6E
2017-01-03/13:40:09 controller.go:155 [INF] token valid:trueclaim:map[exp:1.483493156e+09 iss:admin-etc]
2017-01-03/13:40:17 controller.go:146 [INF] token:eyJhbGciOiJIUzI1NiIsInR5cCI6IkpXVCJ9.eyJleHAiOjE0ODM0OTMxNTYsImlzcyI6ImFkbWluLWV0YyJ9.CWnv5o4Ci1UjpJd9YLO28b36TOcJiTrpLNTZ2IYpB6E
2017-01-03/13:40:17 controller.go:155 [INF] token valid:trueclaim:map[exp:1.483493156e+09 iss:admin-etc]
2017-01-03/13:40:26 controller.go:146 [INF] token:eyJhbGciOiJIUzI1NiIsInR5cCI6IkpXVCJ9.eyJleHAiOjE0ODM0OTMxNTYsImlzcyI6ImFkbWluLWV0YyJ9.CWnv5o4Ci1UjpJd9YLO28b36TOcJiTrpLNTZ2IYpB6E
2017-01-03/13:40:26 controller.go:155 [INF] token valid:trueclaim:map[exp:1.483493156e+09 iss:admin-etc]
2017-01-03/13:40:36 controller.go:146 [INF] token:eyJhbGciOiJIUzI1NiIsInR5cCI6IkpXVCJ9.eyJleHAiOjE0ODM0OTMxNTYsImlzcyI6ImFkbWluLWV0YyJ9.CWnv5o4Ci1UjpJd9YLO28b36TOcJiTrpLNTZ2IYpB6E
2017-01-03/13:40:36 controller.go:155 [INF] token valid:trueclaim:map[exp:1.483493156e+09 iss:admin-etc]
2017-01-03/13:41:13 controller.go:146 [INF] token:eyJhbGciOiJIUzI1NiIsInR5cCI6IkpXVCJ9.eyJleHAiOjE0ODM0OTMxNTYsImlzcyI6ImFkbWluLWV0YyJ9.CWnv5o4Ci1UjpJd9YLO28b36TOcJiTrpLNTZ2IYpB6E
2017-01-03/13:41:13 controller.go:155 [INF] token valid:trueclaim:map[exp:1.483493156e+09 iss:admin-etc]
2017-01-03/13:41:42 controller.go:146 [INF] token:eyJhbGciOiJIUzI1NiIsInR5cCI6IkpXVCJ9.eyJleHAiOjE0ODM0OTMxNTYsImlzcyI6ImFkbWluLWV0YyJ9.CWnv5o4Ci1UjpJd9YLO28b36TOcJiTrpLNTZ2IYpB6E
2017-01-03/13:41:42 controller.go:155 [INF] token valid:trueclaim:map[exp:1.483493156e+09 iss:admin-etc]
2017-01-03/13:41:52 controller.go:146 [INF] token:eyJhbGciOiJIUzI1NiIsInR5cCI6IkpXVCJ9.eyJleHAiOjE0ODM0OTMxNTYsImlzcyI6ImFkbWluLWV0YyJ9.CWnv5o4Ci1UjpJd9YLO28b36TOcJiTrpLNTZ2IYpB6E
2017-01-03/13:41:52 controller.go:155 [INF] token valid:trueclaim:map[exp:1.483493156e+09 iss:admin-etc]
2017-01-03/13:42:14 controller.go:146 [INF] token:eyJhbGciOiJIUzI1NiIsInR5cCI6IkpXVCJ9.eyJleHAiOjE0ODM0OTMxNTYsImlzcyI6ImFkbWluLWV0YyJ9.CWnv5o4Ci1UjpJd9YLO28b36TOcJiTrpLNTZ2IYpB6E
2017-01-03/13:42:14 controller.go:155 [INF] token valid:trueclaim:map[exp:1.483493156e+09 iss:admin-etc]
2017-01-03/13:42:49 controller.go:146 [INF] token:eyJhbGciOiJIUzI1NiIsInR5cCI6IkpXVCJ9.eyJleHAiOjE0ODM0OTMxNTYsImlzcyI6ImFkbWluLWV0YyJ9.CWnv5o4Ci1UjpJd9YLO28b36TOcJiTrpLNTZ2IYpB6E
2017-01-03/13:42:49 controller.go:155 [INF] token valid:trueclaim:map[exp:1.483493156e+09 iss:admin-etc]
2017-01-03/13:42:53 controller.go:146 [INF] token:eyJhbGciOiJIUzI1NiIsInR5cCI6IkpXVCJ9.eyJleHAiOjE0ODM0OTMxNTYsImlzcyI6ImFkbWluLWV0YyJ9.CWnv5o4Ci1UjpJd9YLO28b36TOcJiTrpLNTZ2IYpB6E
2017-01-03/13:42:53 controller.go:155 [INF] token valid:trueclaim:map[exp:1.483493156e+09 iss:admin-etc]
2017-01-03/13:43:38 controller.go:146 [INF] token:eyJhbGciOiJIUzI1NiIsInR5cCI6IkpXVCJ9.eyJleHAiOjE0ODM0OTMxNTYsImlzcyI6ImFkbWluLWV0YyJ9.CWnv5o4Ci1UjpJd9YLO28b36TOcJiTrpLNTZ2IYpB6E
2017-01-03/13:43:38 controller.go:155 [INF] token valid:trueclaim:map[exp:1.483493156e+09 iss:admin-etc]
2017-01-03/13:43:47 controller.go:146 [INF] token:eyJhbGciOiJIUzI1NiIsInR5cCI6IkpXVCJ9.eyJleHAiOjE0ODM0OTMxNTYsImlzcyI6ImFkbWluLWV0YyJ9.CWnv5o4Ci1UjpJd9YLO28b36TOcJiTrpLNTZ2IYpB6E
2017-01-03/13:43:47 controller.go:155 [INF] token valid:trueclaim:map[exp:1.483493156e+09 iss:admin-etc]
2017-01-03/13:43:52 controller.go:146 [INF] token:eyJhbGciOiJIUzI1NiIsInR5cCI6IkpXVCJ9.eyJleHAiOjE0ODM0OTMxNTYsImlzcyI6ImFkbWluLWV0YyJ9.CWnv5o4Ci1UjpJd9YLO28b36TOcJiTrpLNTZ2IYpB6E
2017-01-03/13:43:52 controller.go:155 [INF] token valid:trueclaim:map[iss:admin-etc exp:1.483493156e+09]
2017-01-03/13:44:38 controller.go:146 [INF] token:eyJhbGciOiJIUzI1NiIsInR5cCI6IkpXVCJ9.eyJleHAiOjE0ODM0OTMxNTYsImlzcyI6ImFkbWluLWV0YyJ9.CWnv5o4Ci1UjpJd9YLO28b36TOcJiTrpLNTZ2IYpB6E
2017-01-03/13:44:38 controller.go:155 [INF] token valid:trueclaim:map[exp:1.483493156e+09 iss:admin-etc]
2017-01-03/13:44:42 controller.go:146 [INF] token:eyJhbGciOiJIUzI1NiIsInR5cCI6IkpXVCJ9.eyJleHAiOjE0ODM0OTMxNTYsImlzcyI6ImFkbWluLWV0YyJ9.CWnv5o4Ci1UjpJd9YLO28b36TOcJiTrpLNTZ2IYpB6E
2017-01-03/13:44:42 controller.go:155 [INF] token valid:trueclaim:map[exp:1.483493156e+09 iss:admin-etc]
2017-01-03/13:44:47 controller.go:146 [INF] token:eyJhbGciOiJIUzI1NiIsInR5cCI6IkpXVCJ9.eyJleHAiOjE0ODM0OTMxNTYsImlzcyI6ImFkbWluLWV0YyJ9.CWnv5o4Ci1UjpJd9YLO28b36TOcJiTrpLNTZ2IYpB6E
2017-01-03/13:44:47 controller.go:155 [INF] token valid:trueclaim:map[exp:1.483493156e+09 iss:admin-etc]
2017-01-03/13:45:45 controller.go:146 [INF] token:eyJhbGciOiJIUzI1NiIsInR5cCI6IkpXVCJ9.eyJleHAiOjE0ODM0OTMxNTYsImlzcyI6ImFkbWluLWV0YyJ9.CWnv5o4Ci1UjpJd9YLO28b36TOcJiTrpLNTZ2IYpB6E
2017-01-03/13:45:45 controller.go:155 [INF] token valid:trueclaim:map[exp:1.483493156e+09 iss:admin-etc]
2017-01-03/13:45:53 controller.go:146 [INF] token:eyJhbGciOiJIUzI1NiIsInR5cCI6IkpXVCJ9.eyJleHAiOjE0ODM0OTMxNTYsImlzcyI6ImFkbWluLWV0YyJ9.CWnv5o4Ci1UjpJd9YLO28b36TOcJiTrpLNTZ2IYpB6E
2017-01-03/13:45:53 controller.go:155 [INF] token valid:trueclaim:map[exp:1.483493156e+09 iss:admin-etc]
2017-01-03/13:46:10 controller.go:146 [INF] token:eyJhbGciOiJIUzI1NiIsInR5cCI6IkpXVCJ9.eyJleHAiOjE0ODM0OTMxNTYsImlzcyI6ImFkbWluLWV0YyJ9.CWnv5o4Ci1UjpJd9YLO28b36TOcJiTrpLNTZ2IYpB6E
2017-01-03/13:46:10 controller.go:155 [INF] token valid:trueclaim:map[exp:1.483493156e+09 iss:admin-etc]
2017-01-03/13:46:16 controller.go:146 [INF] token:eyJhbGciOiJIUzI1NiIsInR5cCI6IkpXVCJ9.eyJleHAiOjE0ODM0OTMxNTYsImlzcyI6ImFkbWluLWV0YyJ9.CWnv5o4Ci1UjpJd9YLO28b36TOcJiTrpLNTZ2IYpB6E
2017-01-03/13:46:16 controller.go:155 [INF] token valid:trueclaim:map[exp:1.483493156e+09 iss:admin-etc]
2017-01-03/13:46:28 controller.go:146 [INF] token:eyJhbGciOiJIUzI1NiIsInR5cCI6IkpXVCJ9.eyJleHAiOjE0ODM0OTMxNTYsImlzcyI6ImFkbWluLWV0YyJ9.CWnv5o4Ci1UjpJd9YLO28b36TOcJiTrpLNTZ2IYpB6E
2017-01-03/13:46:28 controller.go:155 [INF] token valid:trueclaim:map[exp:1.483493156e+09 iss:admin-etc]
2017-01-03/13:46:41 controller.go:146 [INF] token:eyJhbGciOiJIUzI1NiIsInR5cCI6IkpXVCJ9.eyJleHAiOjE0ODM0OTMxNTYsImlzcyI6ImFkbWluLWV0YyJ9.CWnv5o4Ci1UjpJd9YLO28b36TOcJiTrpLNTZ2IYpB6E
2017-01-03/13:46:41 controller.go:155 [INF] token valid:trueclaim:map[iss:admin-etc exp:1.483493156e+09]
2017-01-03/13:47:32 controller.go:146 [INF] token:eyJhbGciOiJIUzI1NiIsInR5cCI6IkpXVCJ9.eyJleHAiOjE0ODM0OTMxNTYsImlzcyI6ImFkbWluLWV0YyJ9.CWnv5o4Ci1UjpJd9YLO28b36TOcJiTrpLNTZ2IYpB6E
2017-01-03/13:47:32 controller.go:155 [INF] token valid:trueclaim:map[exp:1.483493156e+09 iss:admin-etc]
2017-01-03/13:47:45 controller.go:146 [INF] token:eyJhbGciOiJIUzI1NiIsInR5cCI6IkpXVCJ9.eyJleHAiOjE0ODM0OTMxNTYsImlzcyI6ImFkbWluLWV0YyJ9.CWnv5o4Ci1UjpJd9YLO28b36TOcJiTrpLNTZ2IYpB6E
2017-01-03/13:47:45 controller.go:155 [INF] token valid:trueclaim:map[exp:1.483493156e+09 iss:admin-etc]
2017-01-03/13:47:52 controller.go:146 [INF] token:eyJhbGciOiJIUzI1NiIsInR5cCI6IkpXVCJ9.eyJleHAiOjE0ODM0OTMxNTYsImlzcyI6ImFkbWluLWV0YyJ9.CWnv5o4Ci1UjpJd9YLO28b36TOcJiTrpLNTZ2IYpB6E
2017-01-03/13:47:52 controller.go:155 [INF] token valid:trueclaim:map[exp:1.483493156e+09 iss:admin-etc]
2017-01-03/13:48:17 controller.go:146 [INF] token:eyJhbGciOiJIUzI1NiIsInR5cCI6IkpXVCJ9.eyJleHAiOjE0ODM0OTMxNTYsImlzcyI6ImFkbWluLWV0YyJ9.CWnv5o4Ci1UjpJd9YLO28b36TOcJiTrpLNTZ2IYpB6E
2017-01-03/13:48:17 controller.go:155 [INF] token valid:trueclaim:map[exp:1.483493156e+09 iss:admin-etc]
2017-01-03/13:48:20 controller.go:146 [INF] token:eyJhbGciOiJIUzI1NiIsInR5cCI6IkpXVCJ9.eyJleHAiOjE0ODM0OTMxNTYsImlzcyI6ImFkbWluLWV0YyJ9.CWnv5o4Ci1UjpJd9YLO28b36TOcJiTrpLNTZ2IYpB6E
2017-01-03/13:48:20 controller.go:155 [INF] token valid:trueclaim:map[exp:1.483493156e+09 iss:admin-etc]
2017-01-03/13:48:52 controller.go:60 [INF] login token:&{ 0xc4200f73c0 map[typ:JWT alg:HS256] { 1483508932  0 admin-etc 0 }  false}
2017-01-03/13:48:52 controller.go:65 [INF] login signed token:eyJhbGciOiJIUzI1NiIsInR5cCI6IkpXVCJ9.eyJleHAiOjE0ODM1MDg5MzIsImlzcyI6ImFkbWluLWV0YyJ9.vBhGAhAvCXrwszaJ9Lkdj9um2gLmpuMDSxkcoK9mnqY
2017-01-03/13:48:52 controller.go:146 [INF] token:eyJhbGciOiJIUzI1NiIsInR5cCI6IkpXVCJ9.eyJleHAiOjE0ODM1MDg5MzIsImlzcyI6ImFkbWluLWV0YyJ9.vBhGAhAvCXrwszaJ9Lkdj9um2gLmpuMDSxkcoK9mnqY
2017-01-03/13:48:52 controller.go:155 [INF] token valid:trueclaim:map[exp:1.483508932e+09 iss:admin-etc]
2017-01-03/13:49:45 controller.go:146 [INF] token:eyJhbGciOiJIUzI1NiIsInR5cCI6IkpXVCJ9.eyJleHAiOjE0ODM1MDg5MzIsImlzcyI6ImFkbWluLWV0YyJ9.vBhGAhAvCXrwszaJ9Lkdj9um2gLmpuMDSxkcoK9mnqY
2017-01-03/13:49:45 controller.go:155 [INF] token valid:trueclaim:map[exp:1.483508932e+09 iss:admin-etc]
2017-01-03/13:49:49 controller.go:146 [INF] token:eyJhbGciOiJIUzI1NiIsInR5cCI6IkpXVCJ9.eyJleHAiOjE0ODM1MDg5MzIsImlzcyI6ImFkbWluLWV0YyJ9.vBhGAhAvCXrwszaJ9Lkdj9um2gLmpuMDSxkcoK9mnqY
2017-01-03/13:49:49 controller.go:155 [INF] token valid:trueclaim:map[exp:1.483508932e+09 iss:admin-etc]
2017-01-03/13:50:31 controller.go:146 [INF] token:eyJhbGciOiJIUzI1NiIsInR5cCI6IkpXVCJ9.eyJleHAiOjE0ODM1MDg5MzIsImlzcyI6ImFkbWluLWV0YyJ9.vBhGAhAvCXrwszaJ9Lkdj9um2gLmpuMDSxkcoK9mnqY
2017-01-03/13:50:31 controller.go:155 [INF] token valid:trueclaim:map[exp:1.483508932e+09 iss:admin-etc]
2017-01-03/13:50:37 controller.go:146 [INF] token:eyJhbGciOiJIUzI1NiIsInR5cCI6IkpXVCJ9.eyJleHAiOjE0ODM1MDg5MzIsImlzcyI6ImFkbWluLWV0YyJ9.vBhGAhAvCXrwszaJ9Lkdj9um2gLmpuMDSxkcoK9mnqY
2017-01-03/13:50:37 controller.go:155 [INF] token valid:trueclaim:map[exp:1.483508932e+09 iss:admin-etc]
2017-01-03/13:51:26 controller.go:146 [INF] token:eyJhbGciOiJIUzI1NiIsInR5cCI6IkpXVCJ9.eyJleHAiOjE0ODM1MDg5MzIsImlzcyI6ImFkbWluLWV0YyJ9.vBhGAhAvCXrwszaJ9Lkdj9um2gLmpuMDSxkcoK9mnqY
2017-01-03/13:51:26 controller.go:155 [INF] token valid:trueclaim:map[exp:1.483508932e+09 iss:admin-etc]
2017-01-03/13:51:35 controller.go:146 [INF] token:eyJhbGciOiJIUzI1NiIsInR5cCI6IkpXVCJ9.eyJleHAiOjE0ODM1MDg5MzIsImlzcyI6ImFkbWluLWV0YyJ9.vBhGAhAvCXrwszaJ9Lkdj9um2gLmpuMDSxkcoK9mnqY
2017-01-03/13:51:35 controller.go:155 [INF] token valid:trueclaim:map[exp:1.483508932e+09 iss:admin-etc]
2017-01-03/13:51:39 controller.go:146 [INF] token:eyJhbGciOiJIUzI1NiIsInR5cCI6IkpXVCJ9.eyJleHAiOjE0ODM1MDg5MzIsImlzcyI6ImFkbWluLWV0YyJ9.vBhGAhAvCXrwszaJ9Lkdj9um2gLmpuMDSxkcoK9mnqY
2017-01-03/13:51:39 controller.go:155 [INF] token valid:trueclaim:map[exp:1.483508932e+09 iss:admin-etc]
2017-01-03/13:51:44 controller.go:146 [INF] token:eyJhbGciOiJIUzI1NiIsInR5cCI6IkpXVCJ9.eyJleHAiOjE0ODM1MDg5MzIsImlzcyI6ImFkbWluLWV0YyJ9.vBhGAhAvCXrwszaJ9Lkdj9um2gLmpuMDSxkcoK9mnqY
2017-01-03/13:51:44 controller.go:155 [INF] token valid:trueclaim:map[exp:1.483508932e+09 iss:admin-etc]
2017-01-03/13:54:39 controller.go:146 [INF] token:eyJhbGciOiJIUzI1NiIsInR5cCI6IkpXVCJ9.eyJleHAiOjE0ODM1MDg5MzIsImlzcyI6ImFkbWluLWV0YyJ9.vBhGAhAvCXrwszaJ9Lkdj9um2gLmpuMDSxkcoK9mnqY
2017-01-03/13:54:39 controller.go:155 [INF] token valid:trueclaim:map[exp:1.483508932e+09 iss:admin-etc]
2017-01-03/13:56:17 controller.go:146 [INF] token:eyJhbGciOiJIUzI1NiIsInR5cCI6IkpXVCJ9.eyJleHAiOjE0ODM1MDg5MzIsImlzcyI6ImFkbWluLWV0YyJ9.vBhGAhAvCXrwszaJ9Lkdj9um2gLmpuMDSxkcoK9mnqY
2017-01-03/13:56:17 controller.go:155 [INF] token valid:trueclaim:map[exp:1.483508932e+09 iss:admin-etc]
2017-01-03/14:02:22 controller.go:60 [INF] login token:&{ 0xc4200f73c0 map[typ:JWT alg:HS256] { 1483509742  0 admin-etc 0 }  false}
2017-01-03/14:02:22 controller.go:65 [INF] login signed token:eyJhbGciOiJIUzI1NiIsInR5cCI6IkpXVCJ9.eyJleHAiOjE0ODM1MDk3NDIsImlzcyI6ImFkbWluLWV0YyJ9.E-tlzOqQsfsrbx1w_ZTqqIlqCMFQrgsplf0i-KEsoEk
2017-01-03/14:02:22 controller.go:146 [INF] token:eyJhbGciOiJIUzI1NiIsInR5cCI6IkpXVCJ9.eyJleHAiOjE0ODM1MDk3NDIsImlzcyI6ImFkbWluLWV0YyJ9.E-tlzOqQsfsrbx1w_ZTqqIlqCMFQrgsplf0i-KEsoEk
2017-01-03/14:02:22 controller.go:155 [INF] token valid:trueclaim:map[exp:1.483509742e+09 iss:admin-etc]
2017-01-03/14:02:50 controller.go:146 [INF] token:eyJhbGciOiJIUzI1NiIsInR5cCI6IkpXVCJ9.eyJleHAiOjE0ODM1MDk3NDIsImlzcyI6ImFkbWluLWV0YyJ9.E-tlzOqQsfsrbx1w_ZTqqIlqCMFQrgsplf0i-KEsoEk
2017-01-03/14:02:50 controller.go:155 [INF] token valid:trueclaim:map[exp:1.483509742e+09 iss:admin-etc]
2017-01-03/14:02:52 controller.go:146 [INF] token:eyJhbGciOiJIUzI1NiIsInR5cCI6IkpXVCJ9.eyJleHAiOjE0ODM1MDk3NDIsImlzcyI6ImFkbWluLWV0YyJ9.E-tlzOqQsfsrbx1w_ZTqqIlqCMFQrgsplf0i-KEsoEk
2017-01-03/14:02:52 controller.go:155 [INF] token valid:trueclaim:map[exp:1.483509742e+09 iss:admin-etc]
2017-01-03/14:03:17 controller.go:146 [INF] token:eyJhbGciOiJIUzI1NiIsInR5cCI6IkpXVCJ9.eyJleHAiOjE0ODM1MDk3NDIsImlzcyI6ImFkbWluLWV0YyJ9.E-tlzOqQsfsrbx1w_ZTqqIlqCMFQrgsplf0i-KEsoEk
2017-01-03/14:03:17 controller.go:155 [INF] token valid:trueclaim:map[exp:1.483509742e+09 iss:admin-etc]
2017-01-03/14:05:38 controller.go:146 [INF] token:eyJhbGciOiJIUzI1NiIsInR5cCI6IkpXVCJ9.eyJleHAiOjE0ODM1MDk3NDIsImlzcyI6ImFkbWluLWV0YyJ9.E-tlzOqQsfsrbx1w_ZTqqIlqCMFQrgsplf0i-KEsoEk
2017-01-03/14:05:38 controller.go:155 [INF] token valid:trueclaim:map[exp:1.483509742e+09 iss:admin-etc]
2017-01-03/14:14:55 controller.go:146 [INF] token:eyJhbGciOiJIUzI1NiIsInR5cCI6IkpXVCJ9.eyJleHAiOjE0ODM1MDk3NDIsImlzcyI6ImFkbWluLWV0YyJ9.E-tlzOqQsfsrbx1w_ZTqqIlqCMFQrgsplf0i-KEsoEk
2017-01-03/14:14:55 controller.go:155 [INF] token valid:trueclaim:map[exp:1.483509742e+09 iss:admin-etc]
2017-01-03/14:15:10 controller.go:146 [INF] token:eyJhbGciOiJIUzI1NiIsInR5cCI6IkpXVCJ9.eyJleHAiOjE0ODM1MDk3NDIsImlzcyI6ImFkbWluLWV0YyJ9.E-tlzOqQsfsrbx1w_ZTqqIlqCMFQrgsplf0i-KEsoEk
2017-01-03/14:15:10 controller.go:155 [INF] token valid:trueclaim:map[exp:1.483509742e+09 iss:admin-etc]
2017-01-03/14:15:34 controller.go:146 [INF] token:eyJhbGciOiJIUzI1NiIsInR5cCI6IkpXVCJ9.eyJleHAiOjE0ODM1MDk3NDIsImlzcyI6ImFkbWluLWV0YyJ9.E-tlzOqQsfsrbx1w_ZTqqIlqCMFQrgsplf0i-KEsoEk
2017-01-03/14:15:34 controller.go:155 [INF] token valid:trueclaim:map[iss:admin-etc exp:1.483509742e+09]
2017-01-03/14:15:38 controller.go:146 [INF] token:eyJhbGciOiJIUzI1NiIsInR5cCI6IkpXVCJ9.eyJleHAiOjE0ODM1MDk3NDIsImlzcyI6ImFkbWluLWV0YyJ9.E-tlzOqQsfsrbx1w_ZTqqIlqCMFQrgsplf0i-KEsoEk
2017-01-03/14:15:38 controller.go:155 [INF] token valid:trueclaim:map[exp:1.483509742e+09 iss:admin-etc]
2017-01-03/14:15:46 controller.go:146 [INF] token:eyJhbGciOiJIUzI1NiIsInR5cCI6IkpXVCJ9.eyJleHAiOjE0ODM1MDk3NDIsImlzcyI6ImFkbWluLWV0YyJ9.E-tlzOqQsfsrbx1w_ZTqqIlqCMFQrgsplf0i-KEsoEk
2017-01-03/14:15:46 controller.go:155 [INF] token valid:trueclaim:map[iss:admin-etc exp:1.483509742e+09]
2017-01-03/14:16:03 controller.go:146 [INF] token:eyJhbGciOiJIUzI1NiIsInR5cCI6IkpXVCJ9.eyJleHAiOjE0ODM1MDk3NDIsImlzcyI6ImFkbWluLWV0YyJ9.E-tlzOqQsfsrbx1w_ZTqqIlqCMFQrgsplf0i-KEsoEk
2017-01-03/14:16:03 controller.go:155 [INF] token valid:trueclaim:map[exp:1.483509742e+09 iss:admin-etc]
2017-01-03/14:16:25 controller.go:146 [INF] token:eyJhbGciOiJIUzI1NiIsInR5cCI6IkpXVCJ9.eyJleHAiOjE0ODM1MDk3NDIsImlzcyI6ImFkbWluLWV0YyJ9.E-tlzOqQsfsrbx1w_ZTqqIlqCMFQrgsplf0i-KEsoEk
2017-01-03/14:16:25 controller.go:155 [INF] token valid:trueclaim:map[exp:1.483509742e+09 iss:admin-etc]
2017-01-03/14:18:32 controller.go:146 [INF] token:eyJhbGciOiJIUzI1NiIsInR5cCI6IkpXVCJ9.eyJleHAiOjE0ODM1MDk3NDIsImlzcyI6ImFkbWluLWV0YyJ9.E-tlzOqQsfsrbx1w_ZTqqIlqCMFQrgsplf0i-KEsoEk
2017-01-03/14:18:32 controller.go:155 [INF] token valid:trueclaim:map[iss:admin-etc exp:1.483509742e+09]
2017-01-03/14:23:19 controller.go:146 [INF] token:eyJhbGciOiJIUzI1NiIsInR5cCI6IkpXVCJ9.eyJleHAiOjE0ODM1MDk3NDIsImlzcyI6ImFkbWluLWV0YyJ9.E-tlzOqQsfsrbx1w_ZTqqIlqCMFQrgsplf0i-KEsoEk
2017-01-03/14:23:19 controller.go:155 [INF] token valid:trueclaim:map[exp:1.483509742e+09 iss:admin-etc]
2017-01-03/14:23:19 controller.go:146 [INF] token:eyJhbGciOiJIUzI1NiIsInR5cCI6IkpXVCJ9.eyJleHAiOjE0ODM1MDk3NDIsImlzcyI6ImFkbWluLWV0YyJ9.E-tlzOqQsfsrbx1w_ZTqqIlqCMFQrgsplf0i-KEsoEk
2017-01-03/14:23:19 controller.go:155 [INF] token valid:trueclaim:map[exp:1.483509742e+09 iss:admin-etc]
2017-01-03/14:23:19 controller.go:130 [INF] cannot get base address balance coin:Post http://127.0.0.1:8545: dial tcp 127.0.0.1:8545: getsockopt: connection refused
2017-01-03/14:33:05 controller.go:146 [INF] token:eyJhbGciOiJIUzI1NiIsInR5cCI6IkpXVCJ9.eyJleHAiOjE0ODM1MDk3NDIsImlzcyI6ImFkbWluLWV0YyJ9.E-tlzOqQsfsrbx1w_ZTqqIlqCMFQrgsplf0i-KEsoEk
2017-01-03/14:33:05 controller.go:155 [INF] token valid:trueclaim:map[exp:1.483509742e+09 iss:admin-etc]
2017-01-03/14:33:05 controller.go:146 [INF] token:eyJhbGciOiJIUzI1NiIsInR5cCI6IkpXVCJ9.eyJleHAiOjE0ODM1MDk3NDIsImlzcyI6ImFkbWluLWV0YyJ9.E-tlzOqQsfsrbx1w_ZTqqIlqCMFQrgsplf0i-KEsoEk
2017-01-03/14:33:05 controller.go:155 [INF] token valid:trueclaim:map[exp:1.483509742e+09 iss:admin-etc]
2017-01-03/14:33:05 controller.go:130 [INF] cannot get base address balance coin:Post http://127.0.0.1:8545: dial tcp 127.0.0.1:8545: getsockopt: connection refused
2017-01-03/14:33:14 controller.go:146 [INF] token:eyJhbGciOiJIUzI1NiIsInR5cCI6IkpXVCJ9.eyJleHAiOjE0ODM1MDk3NDIsImlzcyI6ImFkbWluLWV0YyJ9.E-tlzOqQsfsrbx1w_ZTqqIlqCMFQrgsplf0i-KEsoEk
2017-01-03/14:33:14 controller.go:155 [INF] token valid:trueclaim:map[exp:1.483509742e+09 iss:admin-etc]
2017-01-03/14:33:14 controller.go:146 [INF] token:eyJhbGciOiJIUzI1NiIsInR5cCI6IkpXVCJ9.eyJleHAiOjE0ODM1MDk3NDIsImlzcyI6ImFkbWluLWV0YyJ9.E-tlzOqQsfsrbx1w_ZTqqIlqCMFQrgsplf0i-KEsoEk
2017-01-03/14:33:14 controller.go:155 [INF] token valid:trueclaim:map[exp:1.483509742e+09 iss:admin-etc]
2017-01-03/14:33:14 controller.go:130 [INF] cannot get base address balance coin:Post http://127.0.0.1:8545: dial tcp 127.0.0.1:8545: getsockopt: connection refused
2017-01-03/14:36:29 controller.go:146 [INF] token:eyJhbGciOiJIUzI1NiIsInR5cCI6IkpXVCJ9.eyJleHAiOjE0ODM1MDk3NDIsImlzcyI6ImFkbWluLWV0YyJ9.E-tlzOqQsfsrbx1w_ZTqqIlqCMFQrgsplf0i-KEsoEk
2017-01-03/14:36:29 controller.go:155 [INF] token valid:trueclaim:map[exp:1.483509742e+09 iss:admin-etc]
2017-01-03/14:36:29 controller.go:146 [INF] token:eyJhbGciOiJIUzI1NiIsInR5cCI6IkpXVCJ9.eyJleHAiOjE0ODM1MDk3NDIsImlzcyI6ImFkbWluLWV0YyJ9.E-tlzOqQsfsrbx1w_ZTqqIlqCMFQrgsplf0i-KEsoEk
2017-01-03/14:36:29 controller.go:155 [INF] token valid:trueclaim:map[exp:1.483509742e+09 iss:admin-etc]
2017-01-03/14:36:29 controller.go:130 [INF] cannot get base address balance coin:Post http://127.0.0.1:8545: dial tcp 127.0.0.1:8545: getsockopt: connection refused
2017-01-03/14:41:02 controller.go:146 [INF] token:eyJhbGciOiJIUzI1NiIsInR5cCI6IkpXVCJ9.eyJleHAiOjE0ODM1MDk3NDIsImlzcyI6ImFkbWluLWV0YyJ9.E-tlzOqQsfsrbx1w_ZTqqIlqCMFQrgsplf0i-KEsoEk
2017-01-03/14:41:02 controller.go:155 [INF] token valid:trueclaim:map[exp:1.483509742e+09 iss:admin-etc]
2017-01-03/14:41:02 controller.go:146 [INF] token:eyJhbGciOiJIUzI1NiIsInR5cCI6IkpXVCJ9.eyJleHAiOjE0ODM1MDk3NDIsImlzcyI6ImFkbWluLWV0YyJ9.E-tlzOqQsfsrbx1w_ZTqqIlqCMFQrgsplf0i-KEsoEk
2017-01-03/14:41:02 controller.go:155 [INF] token valid:trueclaim:map[exp:1.483509742e+09 iss:admin-etc]
2017-01-03/14:41:02 controller.go:130 [INF] cannot get base address balance coin:Post http://127.0.0.1:8545: dial tcp 127.0.0.1:8545: getsockopt: connection refused
2017-01-03/14:41:41 controller.go:146 [INF] token:eyJhbGciOiJIUzI1NiIsInR5cCI6IkpXVCJ9.eyJleHAiOjE0ODM1MDk3NDIsImlzcyI6ImFkbWluLWV0YyJ9.E-tlzOqQsfsrbx1w_ZTqqIlqCMFQrgsplf0i-KEsoEk
2017-01-03/14:41:41 controller.go:155 [INF] token valid:trueclaim:map[exp:1.483509742e+09 iss:admin-etc]
2017-01-03/14:41:41 controller.go:146 [INF] token:eyJhbGciOiJIUzI1NiIsInR5cCI6IkpXVCJ9.eyJleHAiOjE0ODM1MDk3NDIsImlzcyI6ImFkbWluLWV0YyJ9.E-tlzOqQsfsrbx1w_ZTqqIlqCMFQrgsplf0i-KEsoEk
2017-01-03/14:41:41 controller.go:155 [INF] token valid:trueclaim:map[exp:1.483509742e+09 iss:admin-etc]
2017-01-03/14:41:41 controller.go:130 [INF] cannot get base address balance coin:Post http://127.0.0.1:8545: dial tcp 127.0.0.1:8545: getsockopt: connection refused
2017-01-03/14:43:16 controller.go:146 [INF] token:eyJhbGciOiJIUzI1NiIsInR5cCI6IkpXVCJ9.eyJleHAiOjE0ODM1MDk3NDIsImlzcyI6ImFkbWluLWV0YyJ9.E-tlzOqQsfsrbx1w_ZTqqIlqCMFQrgsplf0i-KEsoEk
2017-01-03/14:43:16 controller.go:155 [INF] token valid:trueclaim:map[exp:1.483509742e+09 iss:admin-etc]
2017-01-03/14:43:16 controller.go:146 [INF] token:eyJhbGciOiJIUzI1NiIsInR5cCI6IkpXVCJ9.eyJleHAiOjE0ODM1MDk3NDIsImlzcyI6ImFkbWluLWV0YyJ9.E-tlzOqQsfsrbx1w_ZTqqIlqCMFQrgsplf0i-KEsoEk
2017-01-03/14:43:16 controller.go:155 [INF] token valid:trueclaim:map[exp:1.483509742e+09 iss:admin-etc]
2017-01-03/14:43:16 controller.go:130 [INF] cannot get base address balance coin:Post http://127.0.0.1:8545: dial tcp 127.0.0.1:8545: getsockopt: connection refused
2017-01-03/14:44:40 controller.go:146 [INF] token:eyJhbGciOiJIUzI1NiIsInR5cCI6IkpXVCJ9.eyJleHAiOjE0ODM1MDk3NDIsImlzcyI6ImFkbWluLWV0YyJ9.E-tlzOqQsfsrbx1w_ZTqqIlqCMFQrgsplf0i-KEsoEk
2017-01-03/14:44:40 controller.go:155 [INF] token valid:trueclaim:map[exp:1.483509742e+09 iss:admin-etc]
2017-01-03/14:44:40 controller.go:146 [INF] token:eyJhbGciOiJIUzI1NiIsInR5cCI6IkpXVCJ9.eyJleHAiOjE0ODM1MDk3NDIsImlzcyI6ImFkbWluLWV0YyJ9.E-tlzOqQsfsrbx1w_ZTqqIlqCMFQrgsplf0i-KEsoEk
2017-01-03/14:44:40 controller.go:155 [INF] token valid:trueclaim:map[exp:1.483509742e+09 iss:admin-etc]
2017-01-03/14:44:40 controller.go:130 [INF] cannot get base address balance coin:Post http://127.0.0.1:8545: dial tcp 127.0.0.1:8545: getsockopt: connection refused
2017-01-03/14:44:41 controller.go:146 [INF] token:eyJhbGciOiJIUzI1NiIsInR5cCI6IkpXVCJ9.eyJleHAiOjE0ODM1MDk3NDIsImlzcyI6ImFkbWluLWV0YyJ9.E-tlzOqQsfsrbx1w_ZTqqIlqCMFQrgsplf0i-KEsoEk
2017-01-03/14:44:41 controller.go:155 [INF] token valid:trueclaim:map[exp:1.483509742e+09 iss:admin-etc]
2017-01-03/14:44:41 controller.go:146 [INF] token:eyJhbGciOiJIUzI1NiIsInR5cCI6IkpXVCJ9.eyJleHAiOjE0ODM1MDk3NDIsImlzcyI6ImFkbWluLWV0YyJ9.E-tlzOqQsfsrbx1w_ZTqqIlqCMFQrgsplf0i-KEsoEk
2017-01-03/14:44:41 controller.go:155 [INF] token valid:trueclaim:map[exp:1.483509742e+09 iss:admin-etc]
2017-01-03/14:44:41 controller.go:130 [INF] cannot get base address balance coin:Post http://127.0.0.1:8545: dial tcp 127.0.0.1:8545: getsockopt: connection refused
2017-01-03/14:44:42 controller.go:146 [INF] token:eyJhbGciOiJIUzI1NiIsInR5cCI6IkpXVCJ9.eyJleHAiOjE0ODM1MDk3NDIsImlzcyI6ImFkbWluLWV0YyJ9.E-tlzOqQsfsrbx1w_ZTqqIlqCMFQrgsplf0i-KEsoEk
2017-01-03/14:44:42 controller.go:155 [INF] token valid:trueclaim:map[exp:1.483509742e+09 iss:admin-etc]
2017-01-03/14:44:42 controller.go:146 [INF] token:eyJhbGciOiJIUzI1NiIsInR5cCI6IkpXVCJ9.eyJleHAiOjE0ODM1MDk3NDIsImlzcyI6ImFkbWluLWV0YyJ9.E-tlzOqQsfsrbx1w_ZTqqIlqCMFQrgsplf0i-KEsoEk
2017-01-03/14:44:42 controller.go:155 [INF] token valid:trueclaim:map[exp:1.483509742e+09 iss:admin-etc]
2017-01-03/14:44:42 controller.go:130 [INF] cannot get base address balance coin:Post http://127.0.0.1:8545: dial tcp 127.0.0.1:8545: getsockopt: connection refused
2017-01-03/14:44:46 controller.go:146 [INF] token:eyJhbGciOiJIUzI1NiIsInR5cCI6IkpXVCJ9.eyJleHAiOjE0ODM1MDk3NDIsImlzcyI6ImFkbWluLWV0YyJ9.E-tlzOqQsfsrbx1w_ZTqqIlqCMFQrgsplf0i-KEsoEk
2017-01-03/14:44:46 controller.go:155 [INF] token valid:trueclaim:map[iss:admin-etc exp:1.483509742e+09]
2017-01-03/14:44:46 controller.go:146 [INF] token:eyJhbGciOiJIUzI1NiIsInR5cCI6IkpXVCJ9.eyJleHAiOjE0ODM1MDk3NDIsImlzcyI6ImFkbWluLWV0YyJ9.E-tlzOqQsfsrbx1w_ZTqqIlqCMFQrgsplf0i-KEsoEk
2017-01-03/14:44:46 controller.go:155 [INF] token valid:trueclaim:map[exp:1.483509742e+09 iss:admin-etc]
2017-01-03/14:44:46 controller.go:130 [INF] cannot get base address balance coin:Post http://127.0.0.1:8545: dial tcp 127.0.0.1:8545: getsockopt: connection refused
2017-01-03/14:47:04 controller.go:60 [INF] login token:&{ 0xc4200f73c0 map[alg:HS256 typ:JWT] { 1483512424  0 admin-etc 0 }  false}
2017-01-03/14:47:04 controller.go:65 [INF] login signed token:eyJhbGciOiJIUzI1NiIsInR5cCI6IkpXVCJ9.eyJleHAiOjE0ODM1MTI0MjQsImlzcyI6ImFkbWluLWV0YyJ9.p-BXAWb7OGDtVD676nIOXfMyLL9lsSqN8aENtW4YP_M
2017-01-03/14:47:04 controller.go:146 [INF] token:eyJhbGciOiJIUzI1NiIsInR5cCI6IkpXVCJ9.eyJleHAiOjE0ODM1MTI0MjQsImlzcyI6ImFkbWluLWV0YyJ9.p-BXAWb7OGDtVD676nIOXfMyLL9lsSqN8aENtW4YP_M
2017-01-03/14:47:04 controller.go:155 [INF] token valid:trueclaim:map[exp:1.483512424e+09 iss:admin-etc]
2017-01-03/14:47:04 controller.go:146 [INF] token:eyJhbGciOiJIUzI1NiIsInR5cCI6IkpXVCJ9.eyJleHAiOjE0ODM1MTI0MjQsImlzcyI6ImFkbWluLWV0YyJ9.p-BXAWb7OGDtVD676nIOXfMyLL9lsSqN8aENtW4YP_M
2017-01-03/14:47:04 controller.go:155 [INF] token valid:trueclaim:map[exp:1.483512424e+09 iss:admin-etc]
2017-01-03/14:47:04 controller.go:130 [INF] cannot get base address balance coin:Post http://127.0.0.1:8545: dial tcp 127.0.0.1:8545: getsockopt: connection refused
2017-01-03/14:48:11 controller.go:146 [INF] token:eyJhbGciOiJIUzI1NiIsInR5cCI6IkpXVCJ9.eyJleHAiOjE0ODM1MTI0MjQsImlzcyI6ImFkbWluLWV0YyJ9.p-BXAWb7OGDtVD676nIOXfMyLL9lsSqN8aENtW4YP_M
2017-01-03/14:48:11 controller.go:155 [INF] token valid:trueclaim:map[exp:1.483512424e+09 iss:admin-etc]
2017-01-03/14:48:11 controller.go:146 [INF] token:eyJhbGciOiJIUzI1NiIsInR5cCI6IkpXVCJ9.eyJleHAiOjE0ODM1MTI0MjQsImlzcyI6ImFkbWluLWV0YyJ9.p-BXAWb7OGDtVD676nIOXfMyLL9lsSqN8aENtW4YP_M
2017-01-03/14:48:11 controller.go:155 [INF] token valid:trueclaim:map[exp:1.483512424e+09 iss:admin-etc]
2017-01-03/14:48:11 controller.go:130 [INF] cannot get base address balance coin:Post http://127.0.0.1:8545: dial tcp 127.0.0.1:8545: getsockopt: connection refused
2017-01-03/14:49:36 controller.go:146 [INF] token:eyJhbGciOiJIUzI1NiIsInR5cCI6IkpXVCJ9.eyJleHAiOjE0ODM1MTI0MjQsImlzcyI6ImFkbWluLWV0YyJ9.p-BXAWb7OGDtVD676nIOXfMyLL9lsSqN8aENtW4YP_M
2017-01-03/14:49:36 controller.go:155 [INF] token valid:trueclaim:map[exp:1.483512424e+09 iss:admin-etc]
2017-01-03/14:49:36 controller.go:146 [INF] token:eyJhbGciOiJIUzI1NiIsInR5cCI6IkpXVCJ9.eyJleHAiOjE0ODM1MTI0MjQsImlzcyI6ImFkbWluLWV0YyJ9.p-BXAWb7OGDtVD676nIOXfMyLL9lsSqN8aENtW4YP_M
2017-01-03/14:49:36 controller.go:155 [INF] token valid:trueclaim:map[exp:1.483512424e+09 iss:admin-etc]
2017-01-03/14:49:36 controller.go:130 [INF] cannot get base address balance coin:Post http://127.0.0.1:8545: dial tcp 127.0.0.1:8545: getsockopt: connection refused
2017-01-03/14:50:35 controller.go:146 [INF] token:eyJhbGciOiJIUzI1NiIsInR5cCI6IkpXVCJ9.eyJleHAiOjE0ODM1MTI0MjQsImlzcyI6ImFkbWluLWV0YyJ9.p-BXAWb7OGDtVD676nIOXfMyLL9lsSqN8aENtW4YP_M
2017-01-03/14:50:35 controller.go:155 [INF] token valid:trueclaim:map[exp:1.483512424e+09 iss:admin-etc]
2017-01-03/14:50:35 controller.go:146 [INF] token:eyJhbGciOiJIUzI1NiIsInR5cCI6IkpXVCJ9.eyJleHAiOjE0ODM1MTI0MjQsImlzcyI6ImFkbWluLWV0YyJ9.p-BXAWb7OGDtVD676nIOXfMyLL9lsSqN8aENtW4YP_M
2017-01-03/14:50:35 controller.go:155 [INF] token valid:trueclaim:map[iss:admin-etc exp:1.483512424e+09]
2017-01-03/14:50:35 controller.go:130 [INF] cannot get base address balance coin:Post http://127.0.0.1:8545: dial tcp 127.0.0.1:8545: getsockopt: connection refused
2017-01-03/14:51:02 controller.go:146 [INF] token:eyJhbGciOiJIUzI1NiIsInR5cCI6IkpXVCJ9.eyJleHAiOjE0ODM1MTI0MjQsImlzcyI6ImFkbWluLWV0YyJ9.p-BXAWb7OGDtVD676nIOXfMyLL9lsSqN8aENtW4YP_M
2017-01-03/14:51:02 controller.go:155 [INF] token valid:trueclaim:map[exp:1.483512424e+09 iss:admin-etc]
2017-01-03/14:51:02 controller.go:146 [INF] token:eyJhbGciOiJIUzI1NiIsInR5cCI6IkpXVCJ9.eyJleHAiOjE0ODM1MTI0MjQsImlzcyI6ImFkbWluLWV0YyJ9.p-BXAWb7OGDtVD676nIOXfMyLL9lsSqN8aENtW4YP_M
2017-01-03/14:51:02 controller.go:155 [INF] token valid:trueclaim:map[exp:1.483512424e+09 iss:admin-etc]
2017-01-03/14:51:02 controller.go:130 [INF] cannot get base address balance coin:Post http://127.0.0.1:8545: dial tcp 127.0.0.1:8545: getsockopt: connection refused
2017-01-03/14:51:26 controller.go:146 [INF] token:eyJhbGciOiJIUzI1NiIsInR5cCI6IkpXVCJ9.eyJleHAiOjE0ODM1MTI0MjQsImlzcyI6ImFkbWluLWV0YyJ9.p-BXAWb7OGDtVD676nIOXfMyLL9lsSqN8aENtW4YP_M
2017-01-03/14:51:26 controller.go:155 [INF] token valid:trueclaim:map[exp:1.483512424e+09 iss:admin-etc]
2017-01-03/14:51:26 controller.go:146 [INF] token:eyJhbGciOiJIUzI1NiIsInR5cCI6IkpXVCJ9.eyJleHAiOjE0ODM1MTI0MjQsImlzcyI6ImFkbWluLWV0YyJ9.p-BXAWb7OGDtVD676nIOXfMyLL9lsSqN8aENtW4YP_M
2017-01-03/14:51:26 controller.go:155 [INF] token valid:trueclaim:map[exp:1.483512424e+09 iss:admin-etc]
2017-01-03/14:51:26 controller.go:130 [INF] cannot get base address balance coin:Post http://127.0.0.1:8545: dial tcp 127.0.0.1:8545: getsockopt: connection refused
2017-01-03/15:05:48 controller.go:146 [INF] token:eyJhbGciOiJIUzI1NiIsInR5cCI6IkpXVCJ9.eyJleHAiOjE0ODM1MTI0MjQsImlzcyI6ImFkbWluLWV0YyJ9.p-BXAWb7OGDtVD676nIOXfMyLL9lsSqN8aENtW4YP_M
2017-01-03/15:05:48 controller.go:155 [INF] token valid:trueclaim:map[iss:admin-etc exp:1.483512424e+09]
2017-01-03/15:05:48 controller.go:146 [INF] token:eyJhbGciOiJIUzI1NiIsInR5cCI6IkpXVCJ9.eyJleHAiOjE0ODM1MTI0MjQsImlzcyI6ImFkbWluLWV0YyJ9.p-BXAWb7OGDtVD676nIOXfMyLL9lsSqN8aENtW4YP_M
2017-01-03/15:05:48 controller.go:155 [INF] token valid:trueclaim:map[exp:1.483512424e+09 iss:admin-etc]
2017-01-03/15:05:48 controller.go:130 [INF] cannot get base address balance coin:Post http://127.0.0.1:8545: dial tcp 127.0.0.1:8545: getsockopt: connection refused
2017-01-03/15:58:49 main.go:23 [INF] Loading config: /Users/gavin/goprojects/src/etc-pool-admin/manage.json
2017-01-03/15:58:49 main.go:71 [INF] Running with 2 threads
2017-01-03/15:58:51 controller.go:161 [INF] token valid:trueclaim:map[exp:1.483513269e+09 iss:admin-etc]
2017-01-03/16:01:23 controller.go:161 [INF] token valid:trueclaim:map[exp:1.483513269e+09 iss:admin-etc]
